[2023-10-22 07:49:17,044] {manager.py:480} INFO - Processing files using up to 2 processes at a time 
[2023-10-22 07:49:17,046] {manager.py:481} INFO - Process each file at most once every 30 seconds
[2023-10-22 07:49:17,047] {manager.py:483} INFO - Checking for new files in /opt/airflow/dags every 300 seconds
[2023-10-22 07:49:17,049] {manager.py:690} INFO - Searching for files in /opt/airflow/dags
[2023-10-22 07:49:17,066] {manager.py:693} INFO - There are 1 files in /opt/airflow/dags
[2023-10-22 07:49:17,168] {manager.py:809} INFO - 
================================================================================
DAG File Processing Stats

File Path                                 PID  Runtime      # DAGs    # Errors  Last Runtime    Last Run
--------------------------------------  -----  ---------  --------  ----------  --------------  ----------
/opt/airflow/dags/get_exchange_rate.py     42  0.02s             0           0
================================================================================
[2023-10-22 07:49:47,243] {manager.py:809} INFO - 
================================================================================
DAG File Processing Stats

File Path                               PID    Runtime      # DAGs    # Errors  Last Runtime    Last Run
--------------------------------------  -----  ---------  --------  ----------  --------------  -------------------
/opt/airflow/dags/get_exchange_rate.py                           0           1  0.13s           2023-10-22T07:49:17
================================================================================
[2023-10-22 07:50:17,401] {manager.py:809} INFO - 
================================================================================
DAG File Processing Stats

File Path                               PID    Runtime      # DAGs    # Errors  Last Runtime    Last Run
--------------------------------------  -----  ---------  --------  ----------  --------------  -------------------
/opt/airflow/dags/get_exchange_rate.py                           0           1  0.10s           2023-10-22T07:49:47
================================================================================
[2023-10-22 07:50:47,541] {manager.py:809} INFO - 
================================================================================
DAG File Processing Stats

File Path                               PID    Runtime      # DAGs    # Errors  Last Runtime    Last Run
--------------------------------------  -----  ---------  --------  ----------  --------------  -------------------
/opt/airflow/dags/get_exchange_rate.py                           0           1  0.10s           2023-10-22T07:50:17
================================================================================
[2023-10-22 07:51:17,695] {manager.py:809} INFO - 
================================================================================
DAG File Processing Stats

File Path                               PID    Runtime      # DAGs    # Errors  Last Runtime    Last Run
--------------------------------------  -----  ---------  --------  ----------  --------------  -------------------
/opt/airflow/dags/get_exchange_rate.py                           0           1  0.09s           2023-10-22T07:50:47
================================================================================
[2023-10-22 07:51:47,824] {manager.py:809} INFO - 
================================================================================
DAG File Processing Stats

File Path                               PID    Runtime      # DAGs    # Errors  Last Runtime    Last Run
--------------------------------------  -----  ---------  --------  ----------  --------------  -------------------
/opt/airflow/dags/get_exchange_rate.py                           0           1  0.10s           2023-10-22T07:51:17
================================================================================
[2023-10-22 07:52:17,977] {manager.py:809} INFO - 
================================================================================
DAG File Processing Stats

File Path                               PID    Runtime      # DAGs    # Errors  Last Runtime    Last Run
--------------------------------------  -----  ---------  --------  ----------  --------------  -------------------
/opt/airflow/dags/get_exchange_rate.py                           0           1  0.11s           2023-10-22T07:51:48
================================================================================
[2023-10-22 07:52:48,128] {manager.py:809} INFO - 
================================================================================
DAG File Processing Stats

File Path                               PID    Runtime      # DAGs    # Errors  Last Runtime    Last Run
--------------------------------------  -----  ---------  --------  ----------  --------------  -------------------
/opt/airflow/dags/get_exchange_rate.py                           1           0  0.50s           2023-10-22T07:52:18
================================================================================
[2023-10-22 07:53:18,681] {manager.py:809} INFO - 
================================================================================
DAG File Processing Stats

File Path                               PID    Runtime      # DAGs    # Errors  Last Runtime    Last Run
--------------------------------------  -----  ---------  --------  ----------  --------------  -------------------
/opt/airflow/dags/get_exchange_rate.py                           1           0  0.17s           2023-10-22T07:52:48
================================================================================
[2023-10-22 07:53:48,890] {manager.py:809} INFO - 
================================================================================
DAG File Processing Stats

File Path                               PID    Runtime      # DAGs    # Errors  Last Runtime    Last Run
--------------------------------------  -----  ---------  --------  ----------  --------------  -------------------
/opt/airflow/dags/get_exchange_rate.py                           1           0  0.16s           2023-10-22T07:53:18
================================================================================
[2023-10-22 07:54:17,095] {manager.py:690} INFO - Searching for files in /opt/airflow/dags
[2023-10-22 07:54:17,107] {manager.py:693} INFO - There are 1 files in /opt/airflow/dags
[2023-10-22 07:54:19,134] {manager.py:809} INFO - 
================================================================================
DAG File Processing Stats

File Path                               PID    Runtime      # DAGs    # Errors  Last Runtime    Last Run
--------------------------------------  -----  ---------  --------  ----------  --------------  -------------------
/opt/airflow/dags/get_exchange_rate.py                           1           0  0.19s           2023-10-22T07:53:49
================================================================================
[2023-10-22 07:54:49,713] {manager.py:809} INFO - 
================================================================================
DAG File Processing Stats

File Path                               PID    Runtime      # DAGs    # Errors  Last Runtime    Last Run
--------------------------------------  -----  ---------  --------  ----------  --------------  -------------------
/opt/airflow/dags/get_exchange_rate.py                           1           0  0.21s           2023-10-22T07:54:28
================================================================================
[2023-10-22 07:55:19,952] {manager.py:809} INFO - 
================================================================================
DAG File Processing Stats

File Path                               PID    Runtime      # DAGs    # Errors  Last Runtime    Last Run
--------------------------------------  -----  ---------  --------  ----------  --------------  -------------------
/opt/airflow/dags/get_exchange_rate.py                           1           0  0.17s           2023-10-22T07:55:16
================================================================================
[2023-10-22 07:55:50,424] {manager.py:809} INFO - 
================================================================================
DAG File Processing Stats

File Path                               PID    Runtime      # DAGs    # Errors  Last Runtime    Last Run
--------------------------------------  -----  ---------  --------  ----------  --------------  -------------------
/opt/airflow/dags/get_exchange_rate.py                           1           0  0.19s           2023-10-22T07:55:44
================================================================================
[2023-10-22 07:56:20,520] {manager.py:809} INFO - 
================================================================================
DAG File Processing Stats

File Path                               PID    Runtime      # DAGs    # Errors  Last Runtime    Last Run
--------------------------------------  -----  ---------  --------  ----------  --------------  -------------------
/opt/airflow/dags/get_exchange_rate.py                           1           0  0.17s           2023-10-22T07:56:14
================================================================================
[2023-10-22 07:56:50,927] {manager.py:809} INFO - 
================================================================================
DAG File Processing Stats

File Path                               PID    Runtime      # DAGs    # Errors  Last Runtime    Last Run
--------------------------------------  -----  ---------  --------  ----------  --------------  -------------------
/opt/airflow/dags/get_exchange_rate.py                           1           0  0.19s           2023-10-22T07:56:49
================================================================================
[2023-10-22 07:57:21,234] {manager.py:809} INFO - 
================================================================================
DAG File Processing Stats

File Path                               PID    Runtime      # DAGs    # Errors  Last Runtime    Last Run
--------------------------------------  -----  ---------  --------  ----------  --------------  -------------------
/opt/airflow/dags/get_exchange_rate.py                           1           0  0.19s           2023-10-22T07:57:16
================================================================================
[2023-10-22 07:57:51,859] {manager.py:809} INFO - 
================================================================================
DAG File Processing Stats

File Path                               PID    Runtime      # DAGs    # Errors  Last Runtime    Last Run
--------------------------------------  -----  ---------  --------  ----------  --------------  -------------------
/opt/airflow/dags/get_exchange_rate.py                           0           1  0.09s           2023-10-22T07:57:37
================================================================================
[2023-10-22 07:58:22,181] {manager.py:809} INFO - 
================================================================================
DAG File Processing Stats

File Path                               PID    Runtime      # DAGs    # Errors  Last Runtime    Last Run
--------------------------------------  -----  ---------  --------  ----------  --------------  -------------------
/opt/airflow/dags/get_exchange_rate.py                           1           0  0.19s           2023-10-22T07:58:13
================================================================================
[2023-10-22 07:58:52,457] {manager.py:809} INFO - 
================================================================================
DAG File Processing Stats

File Path                               PID    Runtime      # DAGs    # Errors  Last Runtime    Last Run
--------------------------------------  -----  ---------  --------  ----------  --------------  -------------------
/opt/airflow/dags/get_exchange_rate.py                           1           0  0.19s           2023-10-22T07:58:45
================================================================================
[2023-10-22 07:59:17,593] {manager.py:690} INFO - Searching for files in /opt/airflow/dags
[2023-10-22 07:59:17,604] {manager.py:693} INFO - There are 1 files in /opt/airflow/dags
[2023-10-22 07:59:22,642] {manager.py:809} INFO - 
================================================================================
DAG File Processing Stats

File Path                               PID    Runtime      # DAGs    # Errors  Last Runtime    Last Run
--------------------------------------  -----  ---------  --------  ----------  --------------  -------------------
/opt/airflow/dags/get_exchange_rate.py                           1           0  0.21s           2023-10-22T07:59:15
================================================================================
[2023-10-22 07:59:52,869] {manager.py:809} INFO - 
================================================================================
DAG File Processing Stats

File Path                               PID    Runtime      # DAGs    # Errors  Last Runtime    Last Run
--------------------------------------  -----  ---------  --------  ----------  --------------  -------------------
/opt/airflow/dags/get_exchange_rate.py                           1           0  0.18s           2023-10-22T07:59:46
================================================================================
[2023-10-22 08:00:23,584] {manager.py:809} INFO - 
================================================================================
DAG File Processing Stats

File Path                               PID    Runtime      # DAGs    # Errors  Last Runtime    Last Run
--------------------------------------  -----  ---------  --------  ----------  --------------  -------------------
/opt/airflow/dags/get_exchange_rate.py                           1           0  0.17s           2023-10-22T08:00:22
================================================================================
[2023-10-22 08:00:53,997] {manager.py:809} INFO - 
================================================================================
DAG File Processing Stats

File Path                               PID    Runtime      # DAGs    # Errors  Last Runtime    Last Run
--------------------------------------  -----  ---------  --------  ----------  --------------  -------------------
/opt/airflow/dags/get_exchange_rate.py                           0           1  0.12s           2023-10-22T08:00:49
================================================================================
[2023-10-22 08:01:24,244] {manager.py:809} INFO - 
================================================================================
DAG File Processing Stats

File Path                               PID    Runtime      # DAGs    # Errors  Last Runtime    Last Run
--------------------------------------  -----  ---------  --------  ----------  --------------  -------------------
/opt/airflow/dags/get_exchange_rate.py                           0           1  0.09s           2023-10-22T08:01:21
================================================================================
[2023-10-22 08:01:54,563] {manager.py:809} INFO - 
================================================================================
DAG File Processing Stats

File Path                               PID    Runtime      # DAGs    # Errors  Last Runtime    Last Run
--------------------------------------  -----  ---------  --------  ----------  --------------  -------------------
/opt/airflow/dags/get_exchange_rate.py                           0           1  0.11s           2023-10-22T08:01:39
================================================================================
[2023-10-22 08:02:22,753] {manager.py:511} INFO - DAG exchange_rate_to_postgres is missing and will be deactivated.
[2023-10-22 08:02:22,761] {manager.py:521} INFO - Deactivated 1 DAGs which are no longer present in file.
[2023-10-22 08:02:24,767] {manager.py:809} INFO - 
================================================================================
DAG File Processing Stats

File Path                               PID    Runtime      # DAGs    # Errors  Last Runtime    Last Run
--------------------------------------  -----  ---------  --------  ----------  --------------  -------------------
/opt/airflow/dags/get_exchange_rate.py                           0           1  0.09s           2023-10-22T08:02:09
================================================================================
[2023-10-22 08:02:55,116] {manager.py:809} INFO - 
================================================================================
DAG File Processing Stats

File Path                               PID    Runtime      # DAGs    # Errors  Last Runtime    Last Run
--------------------------------------  -----  ---------  --------  ----------  --------------  -------------------
/opt/airflow/dags/get_exchange_rate.py                           0           1  0.10s           2023-10-22T08:02:54
================================================================================
[2023-10-22 08:03:25,280] {manager.py:809} INFO - 
================================================================================
DAG File Processing Stats

File Path                               PID    Runtime      # DAGs    # Errors  Last Runtime    Last Run
--------------------------------------  -----  ---------  --------  ----------  --------------  -------------------
/opt/airflow/dags/get_exchange_rate.py                           0           1  0.11s           2023-10-22T08:03:24
================================================================================
[2023-10-22 08:03:55,519] {manager.py:809} INFO - 
================================================================================
DAG File Processing Stats

File Path                                 PID  Runtime      # DAGs    # Errors  Last Runtime    Last Run
--------------------------------------  -----  ---------  --------  ----------  --------------  -------------------
/opt/airflow/dags/get_exchange_rate.py    777  0.01s             0           1  0.08s           2023-10-22T08:03:50
================================================================================
[2023-10-22 08:04:17,691] {manager.py:690} INFO - Searching for files in /opt/airflow/dags
[2023-10-22 08:04:17,704] {manager.py:693} INFO - There are 1 files in /opt/airflow/dags
[2023-10-22 08:04:25,740] {manager.py:809} INFO - 
================================================================================
DAG File Processing Stats

File Path                               PID    Runtime      # DAGs    # Errors  Last Runtime    Last Run
--------------------------------------  -----  ---------  --------  ----------  --------------  -------------------
/opt/airflow/dags/get_exchange_rate.py                           0           1  0.09s           2023-10-22T08:04:03
================================================================================
[2023-10-22 08:04:55,803] {manager.py:809} INFO - 
================================================================================
DAG File Processing Stats

File Path                               PID    Runtime      # DAGs    # Errors  Last Runtime    Last Run
--------------------------------------  -----  ---------  --------  ----------  --------------  -------------------
/opt/airflow/dags/get_exchange_rate.py                           0           1  0.08s           2023-10-22T08:04:33
================================================================================
[2023-10-22 08:05:25,949] {manager.py:809} INFO - 
================================================================================
DAG File Processing Stats

File Path                               PID    Runtime      # DAGs    # Errors  Last Runtime    Last Run
--------------------------------------  -----  ---------  --------  ----------  --------------  -------------------
/opt/airflow/dags/get_exchange_rate.py                           0           1  0.08s           2023-10-22T08:05:03
================================================================================
[2023-10-22 08:05:56,060] {manager.py:809} INFO - 
================================================================================
DAG File Processing Stats

File Path                               PID    Runtime      # DAGs    # Errors  Last Runtime    Last Run
--------------------------------------  -----  ---------  --------  ----------  --------------  -------------------
/opt/airflow/dags/get_exchange_rate.py                           0           1  0.10s           2023-10-22T08:05:34
================================================================================
[2023-10-22 08:06:26,196] {manager.py:809} INFO - 
================================================================================
DAG File Processing Stats

File Path                               PID    Runtime      # DAGs    # Errors  Last Runtime    Last Run
--------------------------------------  -----  ---------  --------  ----------  --------------  -------------------
/opt/airflow/dags/get_exchange_rate.py                           0           1  0.08s           2023-10-22T08:06:04
================================================================================
[2023-10-22 08:06:56,284] {manager.py:809} INFO - 
================================================================================
DAG File Processing Stats

File Path                               PID    Runtime      # DAGs    # Errors  Last Runtime    Last Run
--------------------------------------  -----  ---------  --------  ----------  --------------  -------------------
/opt/airflow/dags/get_exchange_rate.py                           0           1  0.09s           2023-10-22T08:06:34
================================================================================
[2023-10-22 08:07:26,430] {manager.py:809} INFO - 
================================================================================
DAG File Processing Stats

File Path                               PID    Runtime      # DAGs    # Errors  Last Runtime    Last Run
--------------------------------------  -----  ---------  --------  ----------  --------------  -------------------
/opt/airflow/dags/get_exchange_rate.py                           0           1  0.10s           2023-10-22T08:07:04
================================================================================
[2023-10-22 08:07:56,675] {manager.py:809} INFO - 
================================================================================
DAG File Processing Stats

File Path                               PID    Runtime      # DAGs    # Errors  Last Runtime    Last Run
--------------------------------------  -----  ---------  --------  ----------  --------------  -------------------
/opt/airflow/dags/get_exchange_rate.py                           0           1  0.09s           2023-10-22T08:07:45
================================================================================
[2023-10-22 08:08:26,814] {manager.py:809} INFO - 
================================================================================
DAG File Processing Stats

File Path                               PID    Runtime      # DAGs    # Errors  Last Runtime    Last Run
--------------------------------------  -----  ---------  --------  ----------  --------------  -------------------
/opt/airflow/dags/get_exchange_rate.py                           0           1  0.10s           2023-10-22T08:08:15
================================================================================
[2023-10-22 08:08:56,900] {manager.py:809} INFO - 
================================================================================
DAG File Processing Stats

File Path                               PID    Runtime      # DAGs    # Errors  Last Runtime    Last Run
--------------------------------------  -----  ---------  --------  ----------  --------------  -------------------
/opt/airflow/dags/get_exchange_rate.py                           0           1  0.09s           2023-10-22T08:08:45
================================================================================
[2023-10-22 08:09:17,992] {manager.py:690} INFO - Searching for files in /opt/airflow/dags
[2023-10-22 08:09:18,001] {manager.py:693} INFO - There are 1 files in /opt/airflow/dags
[2023-10-22 08:09:27,042] {manager.py:809} INFO - 
================================================================================
DAG File Processing Stats

File Path                               PID    Runtime      # DAGs    # Errors  Last Runtime    Last Run
--------------------------------------  -----  ---------  --------  ----------  --------------  -------------------
/opt/airflow/dags/get_exchange_rate.py                           0           1  0.09s           2023-10-22T08:09:16
================================================================================
[2023-10-22 08:09:57,133] {manager.py:809} INFO - 
================================================================================
DAG File Processing Stats

File Path                                 PID  Runtime      # DAGs    # Errors  Last Runtime    Last Run
--------------------------------------  -----  ---------  --------  ----------  --------------  -------------------
/opt/airflow/dags/get_exchange_rate.py   1078  0.01s             0           1  0.08s           2023-10-22T08:09:46
================================================================================
[2023-10-22 08:10:27,419] {manager.py:809} INFO - 
================================================================================
DAG File Processing Stats

File Path                               PID    Runtime      # DAGs    # Errors  Last Runtime    Last Run
--------------------------------------  -----  ---------  --------  ----------  --------------  -------------------
/opt/airflow/dags/get_exchange_rate.py                           1           0  0.28s           2023-10-22T08:10:01
================================================================================
[2023-10-22 08:10:57,762] {manager.py:809} INFO - 
================================================================================
DAG File Processing Stats

File Path                               PID    Runtime      # DAGs    # Errors  Last Runtime    Last Run
--------------------------------------  -----  ---------  --------  ----------  --------------  -------------------
/opt/airflow/dags/get_exchange_rate.py                           1           0  0.44s           2023-10-22T08:10:51
================================================================================
[2023-10-22 08:11:28,113] {manager.py:809} INFO - 
================================================================================
DAG File Processing Stats

File Path                               PID    Runtime      # DAGs    # Errors  Last Runtime    Last Run
--------------------------------------  -----  ---------  --------  ----------  --------------  -------------------
/opt/airflow/dags/get_exchange_rate.py                           1           0  0.18s           2023-10-22T08:11:21
================================================================================
[2023-10-22 08:11:58,363] {manager.py:809} INFO - 
================================================================================
DAG File Processing Stats

File Path                               PID    Runtime      # DAGs    # Errors  Last Runtime    Last Run
--------------------------------------  -----  ---------  --------  ----------  --------------  -------------------
/opt/airflow/dags/get_exchange_rate.py                           1           0  0.18s           2023-10-22T08:11:51
================================================================================
[2023-10-22 08:12:28,608] {manager.py:809} INFO - 
================================================================================
DAG File Processing Stats

File Path                               PID    Runtime      # DAGs    # Errors  Last Runtime    Last Run
--------------------------------------  -----  ---------  --------  ----------  --------------  -------------------
/opt/airflow/dags/get_exchange_rate.py                           1           0  0.19s           2023-10-22T08:12:21
================================================================================
[2023-10-22 08:12:58,839] {manager.py:809} INFO - 
================================================================================
DAG File Processing Stats

File Path                               PID    Runtime      # DAGs    # Errors  Last Runtime    Last Run
--------------------------------------  -----  ---------  --------  ----------  --------------  -------------------
/opt/airflow/dags/get_exchange_rate.py                           1           0  0.18s           2023-10-22T08:12:51
================================================================================
[2023-10-22 08:13:29,081] {manager.py:809} INFO - 
================================================================================
DAG File Processing Stats

File Path                               PID    Runtime      # DAGs    # Errors  Last Runtime    Last Run
--------------------------------------  -----  ---------  --------  ----------  --------------  -------------------
/opt/airflow/dags/get_exchange_rate.py                           1           0  0.28s           2023-10-22T08:13:22
================================================================================
[2023-10-22 08:13:59,388] {manager.py:809} INFO - 
================================================================================
DAG File Processing Stats

File Path                               PID    Runtime      # DAGs    # Errors  Last Runtime    Last Run
--------------------------------------  -----  ---------  --------  ----------  --------------  -------------------
/opt/airflow/dags/get_exchange_rate.py                           1           0  0.19s           2023-10-22T08:13:52
================================================================================
[2023-10-22 08:14:18,425] {manager.py:690} INFO - Searching for files in /opt/airflow/dags
[2023-10-22 08:14:18,437] {manager.py:693} INFO - There are 1 files in /opt/airflow/dags
[2023-10-22 08:14:29,642] {manager.py:809} INFO - 
================================================================================
DAG File Processing Stats

File Path                               PID    Runtime      # DAGs    # Errors  Last Runtime    Last Run
--------------------------------------  -----  ---------  --------  ----------  --------------  -------------------
/opt/airflow/dags/get_exchange_rate.py                           1           0  0.20s           2023-10-22T08:14:22
================================================================================
[2023-10-22 08:15:00,068] {manager.py:809} INFO - 
================================================================================
DAG File Processing Stats

File Path                                 PID  Runtime      # DAGs    # Errors  Last Runtime    Last Run
--------------------------------------  -----  ---------  --------  ----------  --------------  -------------------
/opt/airflow/dags/get_exchange_rate.py   1354  0.01s             1           0  0.22s           2023-10-22T08:14:56
================================================================================
[2023-10-22 08:15:30,772] {manager.py:809} INFO - 
================================================================================
DAG File Processing Stats

File Path                               PID    Runtime      # DAGs    # Errors  Last Runtime    Last Run
--------------------------------------  -----  ---------  --------  ----------  --------------  -------------------
/opt/airflow/dags/get_exchange_rate.py                           1           0  0.16s           2023-10-22T08:15:26
================================================================================
[2023-10-22 08:16:01,171] {manager.py:809} INFO - 
================================================================================
DAG File Processing Stats

File Path                               PID    Runtime      # DAGs    # Errors  Last Runtime    Last Run
--------------------------------------  -----  ---------  --------  ----------  --------------  -------------------
/opt/airflow/dags/get_exchange_rate.py                           1           0  0.17s           2023-10-22T08:15:46
================================================================================
[2023-10-22 08:16:31,371] {manager.py:809} INFO - 
================================================================================
DAG File Processing Stats

File Path                               PID    Runtime      # DAGs    # Errors  Last Runtime    Last Run
--------------------------------------  -----  ---------  --------  ----------  --------------  -------------------
/opt/airflow/dags/get_exchange_rate.py                           1           0  0.42s           2023-10-22T08:16:16
================================================================================
[2023-10-22 08:17:01,869] {manager.py:809} INFO - 
================================================================================
DAG File Processing Stats

File Path                               PID    Runtime      # DAGs    # Errors  Last Runtime    Last Run
--------------------------------------  -----  ---------  --------  ----------  --------------  -------------------
/opt/airflow/dags/get_exchange_rate.py                           1           0  0.19s           2023-10-22T08:16:46
================================================================================
[2023-10-22 08:17:32,111] {manager.py:809} INFO - 
================================================================================
DAG File Processing Stats

File Path                               PID    Runtime      # DAGs    # Errors  Last Runtime    Last Run
--------------------------------------  -----  ---------  --------  ----------  --------------  -------------------
/opt/airflow/dags/get_exchange_rate.py                           1           0  0.20s           2023-10-22T08:17:17
================================================================================
[2023-10-22 08:18:02,360] {manager.py:809} INFO - 
================================================================================
DAG File Processing Stats

File Path                               PID    Runtime      # DAGs    # Errors  Last Runtime    Last Run
--------------------------------------  -----  ---------  --------  ----------  --------------  -------------------
/opt/airflow/dags/get_exchange_rate.py                           1           0  0.18s           2023-10-22T08:17:47
================================================================================
[2023-10-22 08:18:32,598] {manager.py:809} INFO - 
================================================================================
DAG File Processing Stats

File Path                               PID    Runtime      # DAGs    # Errors  Last Runtime    Last Run
--------------------------------------  -----  ---------  --------  ----------  --------------  -------------------
/opt/airflow/dags/get_exchange_rate.py                           1           0  0.20s           2023-10-22T08:18:17
================================================================================
[2023-10-22 08:19:02,870] {manager.py:809} INFO - 
================================================================================
DAG File Processing Stats

File Path                               PID    Runtime      # DAGs    # Errors  Last Runtime    Last Run
--------------------------------------  -----  ---------  --------  ----------  --------------  -------------------
/opt/airflow/dags/get_exchange_rate.py                           1           0  0.18s           2023-10-22T08:18:47
================================================================================
[2023-10-22 08:19:19,059] {manager.py:690} INFO - Searching for files in /opt/airflow/dags
[2023-10-22 08:19:19,070] {manager.py:693} INFO - There are 1 files in /opt/airflow/dags
[2023-10-22 08:19:33,131] {manager.py:809} INFO - 
================================================================================
DAG File Processing Stats

File Path                               PID    Runtime      # DAGs    # Errors  Last Runtime    Last Run
--------------------------------------  -----  ---------  --------  ----------  --------------  -------------------
/opt/airflow/dags/get_exchange_rate.py                           1           0  0.18s           2023-10-22T08:19:18
================================================================================
[2023-10-22 08:20:03,328] {manager.py:809} INFO - 
================================================================================
DAG File Processing Stats

File Path                               PID    Runtime      # DAGs    # Errors  Last Runtime    Last Run
--------------------------------------  -----  ---------  --------  ----------  --------------  -------------------
/opt/airflow/dags/get_exchange_rate.py                           1           0  0.18s           2023-10-22T08:19:48
================================================================================
[2023-10-22 08:20:33,554] {manager.py:809} INFO - 
================================================================================
DAG File Processing Stats

File Path                               PID    Runtime      # DAGs    # Errors  Last Runtime    Last Run
--------------------------------------  -----  ---------  --------  ----------  --------------  -------------------
/opt/airflow/dags/get_exchange_rate.py                           1           0  0.18s           2023-10-22T08:20:18
================================================================================
[2023-10-22 08:21:03,799] {manager.py:809} INFO - 
================================================================================
DAG File Processing Stats

File Path                               PID    Runtime      # DAGs    # Errors  Last Runtime    Last Run
--------------------------------------  -----  ---------  --------  ----------  --------------  -------------------
/opt/airflow/dags/get_exchange_rate.py                           1           0  0.23s           2023-10-22T08:20:48
================================================================================
[2023-10-22 08:21:34,067] {manager.py:809} INFO - 
================================================================================
DAG File Processing Stats

File Path                               PID    Runtime      # DAGs    # Errors  Last Runtime    Last Run
--------------------------------------  -----  ---------  --------  ----------  --------------  -------------------
/opt/airflow/dags/get_exchange_rate.py                           1           0  0.20s           2023-10-22T08:21:19
================================================================================
[2023-10-22 08:22:04,306] {manager.py:809} INFO - 
================================================================================
DAG File Processing Stats

File Path                               PID    Runtime      # DAGs    # Errors  Last Runtime    Last Run
--------------------------------------  -----  ---------  --------  ----------  --------------  -------------------
/opt/airflow/dags/get_exchange_rate.py                           1           0  0.20s           2023-10-22T08:21:49
================================================================================
[2023-10-22 08:22:34,577] {manager.py:809} INFO - 
================================================================================
DAG File Processing Stats

File Path                               PID    Runtime      # DAGs    # Errors  Last Runtime    Last Run
--------------------------------------  -----  ---------  --------  ----------  --------------  -------------------
/opt/airflow/dags/get_exchange_rate.py                           1           0  0.18s           2023-10-22T08:22:19
================================================================================
[2023-10-22 08:23:04,795] {manager.py:809} INFO - 
================================================================================
DAG File Processing Stats

File Path                               PID    Runtime      # DAGs    # Errors  Last Runtime    Last Run
--------------------------------------  -----  ---------  --------  ----------  --------------  -------------------
/opt/airflow/dags/get_exchange_rate.py                           1           0  0.18s           2023-10-22T08:22:49
================================================================================
[2023-10-22 08:23:35,035] {manager.py:809} INFO - 
================================================================================
DAG File Processing Stats

File Path                               PID    Runtime      # DAGs    # Errors  Last Runtime    Last Run
--------------------------------------  -----  ---------  --------  ----------  --------------  -------------------
/opt/airflow/dags/get_exchange_rate.py                           1           0  0.19s           2023-10-22T08:23:20
================================================================================
[2023-10-22 08:24:05,271] {manager.py:809} INFO - 
================================================================================
DAG File Processing Stats

File Path                               PID    Runtime      # DAGs    # Errors  Last Runtime    Last Run
--------------------------------------  -----  ---------  --------  ----------  --------------  -------------------
/opt/airflow/dags/get_exchange_rate.py                           1           0  0.18s           2023-10-22T08:23:50
================================================================================
[2023-10-22 08:24:19,296] {manager.py:690} INFO - Searching for files in /opt/airflow/dags
[2023-10-22 08:24:19,306] {manager.py:693} INFO - There are 1 files in /opt/airflow/dags
[2023-10-22 08:24:35,507] {manager.py:809} INFO - 
================================================================================
DAG File Processing Stats

File Path                               PID    Runtime      # DAGs    # Errors  Last Runtime    Last Run
--------------------------------------  -----  ---------  --------  ----------  --------------  -------------------
/opt/airflow/dags/get_exchange_rate.py                           1           0  0.24s           2023-10-22T08:24:20
================================================================================
[2023-10-22 08:25:05,809] {manager.py:809} INFO - 
================================================================================
DAG File Processing Stats

File Path                               PID    Runtime      # DAGs    # Errors  Last Runtime    Last Run
--------------------------------------  -----  ---------  --------  ----------  --------------  -------------------
/opt/airflow/dags/get_exchange_rate.py                           1           0  0.20s           2023-10-22T08:24:50
================================================================================
[2023-10-22 08:25:36,075] {manager.py:809} INFO - 
================================================================================
DAG File Processing Stats

File Path                               PID    Runtime      # DAGs    # Errors  Last Runtime    Last Run
--------------------------------------  -----  ---------  --------  ----------  --------------  -------------------
/opt/airflow/dags/get_exchange_rate.py                           1           0  0.21s           2023-10-22T08:25:21
================================================================================
[2023-10-22 08:26:06,328] {manager.py:809} INFO - 
================================================================================
DAG File Processing Stats

File Path                               PID    Runtime      # DAGs    # Errors  Last Runtime    Last Run
--------------------------------------  -----  ---------  --------  ----------  --------------  -------------------
/opt/airflow/dags/get_exchange_rate.py                           1           0  0.18s           2023-10-22T08:25:51
================================================================================
[2023-10-22 08:26:36,561] {manager.py:809} INFO - 
================================================================================
DAG File Processing Stats

File Path                               PID    Runtime      # DAGs    # Errors  Last Runtime    Last Run
--------------------------------------  -----  ---------  --------  ----------  --------------  -------------------
/opt/airflow/dags/get_exchange_rate.py                           1           0  0.18s           2023-10-22T08:26:21
================================================================================
[2023-10-22 08:27:06,785] {manager.py:809} INFO - 
================================================================================
DAG File Processing Stats

File Path                               PID    Runtime      # DAGs    # Errors  Last Runtime    Last Run
--------------------------------------  -----  ---------  --------  ----------  --------------  -------------------
/opt/airflow/dags/get_exchange_rate.py                           1           0  0.18s           2023-10-22T08:26:51
================================================================================
[2023-10-22 08:27:37,024] {manager.py:809} INFO - 
================================================================================
DAG File Processing Stats

File Path                               PID    Runtime      # DAGs    # Errors  Last Runtime    Last Run
--------------------------------------  -----  ---------  --------  ----------  --------------  -------------------
/opt/airflow/dags/get_exchange_rate.py                           1           0  0.18s           2023-10-22T08:27:22
================================================================================
[2023-10-22 08:28:07,243] {manager.py:809} INFO - 
================================================================================
DAG File Processing Stats

File Path                               PID    Runtime      # DAGs    # Errors  Last Runtime    Last Run
--------------------------------------  -----  ---------  --------  ----------  --------------  -------------------
/opt/airflow/dags/get_exchange_rate.py                           1           0  0.21s           2023-10-22T08:27:52
================================================================================
[2023-10-22 08:28:37,498] {manager.py:809} INFO - 
================================================================================
DAG File Processing Stats

File Path                               PID    Runtime      # DAGs    # Errors  Last Runtime    Last Run
--------------------------------------  -----  ---------  --------  ----------  --------------  -------------------
/opt/airflow/dags/get_exchange_rate.py                           1           0  0.19s           2023-10-22T08:28:22
================================================================================
[2023-10-22 08:29:07,746] {manager.py:809} INFO - 
================================================================================
DAG File Processing Stats

File Path                               PID    Runtime      # DAGs    # Errors  Last Runtime    Last Run
--------------------------------------  -----  ---------  --------  ----------  --------------  -------------------
/opt/airflow/dags/get_exchange_rate.py                           1           0  0.19s           2023-10-22T08:28:52
================================================================================
[2023-10-22 08:29:19,750] {manager.py:690} INFO - Searching for files in /opt/airflow/dags
[2023-10-22 08:29:19,761] {manager.py:693} INFO - There are 1 files in /opt/airflow/dags
[2023-10-22 08:29:22,452] {manager.py:462} INFO - Exiting gracefully upon receiving signal 15
[2023-10-22 08:30:19,046] {manager.py:480} INFO - Processing files using up to 2 processes at a time 
[2023-10-22 08:30:19,049] {manager.py:481} INFO - Process each file at most once every 30 seconds
[2023-10-22 08:30:19,050] {manager.py:483} INFO - Checking for new files in /opt/airflow/dags every 300 seconds
[2023-10-22 08:30:19,051] {manager.py:690} INFO - Searching for files in /opt/airflow/dags
[2023-10-22 08:30:19,067] {manager.py:693} INFO - There are 1 files in /opt/airflow/dags
[2023-10-22 08:30:19,135] {manager.py:809} INFO - 
================================================================================
DAG File Processing Stats

File Path                                 PID  Runtime      # DAGs    # Errors  Last Runtime    Last Run
--------------------------------------  -----  ---------  --------  ----------  --------------  ----------
/opt/airflow/dags/get_exchange_rate.py     40  0.02s             0           0
================================================================================
[2023-10-22 08:30:49,196] {manager.py:809} INFO - 
================================================================================
DAG File Processing Stats

File Path                               PID    Runtime      # DAGs    # Errors  Last Runtime    Last Run
--------------------------------------  -----  ---------  --------  ----------  --------------  -------------------
/opt/airflow/dags/get_exchange_rate.py                           1           0  0.23s           2023-10-22T08:30:19
================================================================================
[2023-10-22 08:31:19,455] {manager.py:809} INFO - 
================================================================================
DAG File Processing Stats

File Path                               PID    Runtime      # DAGs    # Errors  Last Runtime    Last Run
--------------------------------------  -----  ---------  --------  ----------  --------------  -------------------
/opt/airflow/dags/get_exchange_rate.py                           1           0  0.38s           2023-10-22T08:30:49
================================================================================
[2023-10-22 08:31:49,876] {manager.py:809} INFO - 
================================================================================
DAG File Processing Stats

File Path                               PID    Runtime      # DAGs    # Errors  Last Runtime    Last Run
--------------------------------------  -----  ---------  --------  ----------  --------------  -------------------
/opt/airflow/dags/get_exchange_rate.py                           1           0  0.19s           2023-10-22T08:31:19
================================================================================
[2023-10-22 08:32:20,106] {manager.py:809} INFO - 
================================================================================
DAG File Processing Stats

File Path                               PID    Runtime      # DAGs    # Errors  Last Runtime    Last Run
--------------------------------------  -----  ---------  --------  ----------  --------------  -------------------
/opt/airflow/dags/get_exchange_rate.py                           1           0  0.19s           2023-10-22T08:31:50
================================================================================
[2023-10-22 08:32:50,357] {manager.py:809} INFO - 
================================================================================
DAG File Processing Stats

File Path                               PID    Runtime      # DAGs    # Errors  Last Runtime    Last Run
--------------------------------------  -----  ---------  --------  ----------  --------------  -------------------
/opt/airflow/dags/get_exchange_rate.py                           1           0  0.22s           2023-10-22T08:32:20
================================================================================
[2023-10-22 08:33:20,633] {manager.py:809} INFO - 
================================================================================
DAG File Processing Stats

File Path                               PID    Runtime      # DAGs    # Errors  Last Runtime    Last Run
--------------------------------------  -----  ---------  --------  ----------  --------------  -------------------
/opt/airflow/dags/get_exchange_rate.py                           1           0  0.18s           2023-10-22T08:32:50
================================================================================
[2023-10-22 08:33:50,830] {manager.py:809} INFO - 
================================================================================
DAG File Processing Stats

File Path                               PID    Runtime      # DAGs    # Errors  Last Runtime    Last Run
--------------------------------------  -----  ---------  --------  ----------  --------------  -------------------
/opt/airflow/dags/get_exchange_rate.py                           1           0  0.19s           2023-10-22T08:33:20
================================================================================
[2023-10-22 08:34:21,078] {manager.py:809} INFO - 
================================================================================
DAG File Processing Stats

File Path                               PID    Runtime      # DAGs    # Errors  Last Runtime    Last Run
--------------------------------------  -----  ---------  --------  ----------  --------------  -------------------
/opt/airflow/dags/get_exchange_rate.py                           1           0  0.20s           2023-10-22T08:33:51
================================================================================
[2023-10-22 08:34:51,322] {manager.py:809} INFO - 
================================================================================
DAG File Processing Stats

File Path                               PID    Runtime      # DAGs    # Errors  Last Runtime    Last Run
--------------------------------------  -----  ---------  --------  ----------  --------------  -------------------
/opt/airflow/dags/get_exchange_rate.py                           1           0  0.17s           2023-10-22T08:34:21
================================================================================
[2023-10-22 08:35:19,533] {manager.py:690} INFO - Searching for files in /opt/airflow/dags
[2023-10-22 08:35:19,542] {manager.py:693} INFO - There are 1 files in /opt/airflow/dags
[2023-10-22 08:35:21,559] {manager.py:809} INFO - 
================================================================================
DAG File Processing Stats

File Path                               PID    Runtime      # DAGs    # Errors  Last Runtime    Last Run
--------------------------------------  -----  ---------  --------  ----------  --------------  -------------------
/opt/airflow/dags/get_exchange_rate.py                           1           0  0.18s           2023-10-22T08:34:51
================================================================================
[2023-10-22 08:35:51,788] {manager.py:809} INFO - 
================================================================================
DAG File Processing Stats

File Path                               PID    Runtime      # DAGs    # Errors  Last Runtime    Last Run
--------------------------------------  -----  ---------  --------  ----------  --------------  -------------------
/opt/airflow/dags/get_exchange_rate.py                           1           0  0.18s           2023-10-22T08:35:21
================================================================================
[2023-10-22 08:36:21,991] {manager.py:809} INFO - 
================================================================================
DAG File Processing Stats

File Path                               PID    Runtime      # DAGs    # Errors  Last Runtime    Last Run
--------------------------------------  -----  ---------  --------  ----------  --------------  -------------------
/opt/airflow/dags/get_exchange_rate.py                           1           0  0.17s           2023-10-22T08:35:52
================================================================================
[2023-10-22 08:36:52,202] {manager.py:809} INFO - 
================================================================================
DAG File Processing Stats

File Path                               PID    Runtime      # DAGs    # Errors  Last Runtime    Last Run
--------------------------------------  -----  ---------  --------  ----------  --------------  -------------------
/opt/airflow/dags/get_exchange_rate.py                           1           0  0.19s           2023-10-22T08:36:22
================================================================================
[2023-10-22 08:37:22,460] {manager.py:809} INFO - 
================================================================================
DAG File Processing Stats

File Path                               PID    Runtime      # DAGs    # Errors  Last Runtime    Last Run
--------------------------------------  -----  ---------  --------  ----------  --------------  -------------------
/opt/airflow/dags/get_exchange_rate.py                           1           0  0.18s           2023-10-22T08:36:52
================================================================================
[2023-10-22 08:37:52,703] {manager.py:809} INFO - 
================================================================================
DAG File Processing Stats

File Path                               PID    Runtime      # DAGs    # Errors  Last Runtime    Last Run
--------------------------------------  -----  ---------  --------  ----------  --------------  -------------------
/opt/airflow/dags/get_exchange_rate.py                           1           0  0.19s           2023-10-22T08:37:22
================================================================================
[2023-10-22 08:38:22,973] {manager.py:809} INFO - 
================================================================================
DAG File Processing Stats

File Path                               PID    Runtime      # DAGs    # Errors  Last Runtime    Last Run
--------------------------------------  -----  ---------  --------  ----------  --------------  -------------------
/opt/airflow/dags/get_exchange_rate.py                           1           0  0.20s           2023-10-22T08:37:53
================================================================================
[2023-10-22 08:38:53,217] {manager.py:809} INFO - 
================================================================================
DAG File Processing Stats

File Path                               PID    Runtime      # DAGs    # Errors  Last Runtime    Last Run
--------------------------------------  -----  ---------  --------  ----------  --------------  -------------------
/opt/airflow/dags/get_exchange_rate.py                           1           0  0.18s           2023-10-22T08:38:23
================================================================================
[2023-10-22 08:39:23,448] {manager.py:809} INFO - 
================================================================================
DAG File Processing Stats

File Path                               PID    Runtime      # DAGs    # Errors  Last Runtime    Last Run
--------------------------------------  -----  ---------  --------  ----------  --------------  -------------------
/opt/airflow/dags/get_exchange_rate.py                           1           0  0.18s           2023-10-22T08:38:53
================================================================================
[2023-10-22 08:39:53,666] {manager.py:809} INFO - 
================================================================================
DAG File Processing Stats

File Path                               PID    Runtime      # DAGs    # Errors  Last Runtime    Last Run
--------------------------------------  -----  ---------  --------  ----------  --------------  -------------------
/opt/airflow/dags/get_exchange_rate.py                           1           0  0.18s           2023-10-22T08:39:23
================================================================================
[2023-10-22 08:40:19,880] {manager.py:690} INFO - Searching for files in /opt/airflow/dags
[2023-10-22 08:40:19,890] {manager.py:693} INFO - There are 1 files in /opt/airflow/dags
[2023-10-22 08:40:23,912] {manager.py:809} INFO - 
================================================================================
DAG File Processing Stats

File Path                               PID    Runtime      # DAGs    # Errors  Last Runtime    Last Run
--------------------------------------  -----  ---------  --------  ----------  --------------  -------------------
/opt/airflow/dags/get_exchange_rate.py                           1           0  0.18s           2023-10-22T08:39:54
================================================================================
[2023-10-22 08:40:54,139] {manager.py:809} INFO - 
================================================================================
DAG File Processing Stats

File Path                               PID    Runtime      # DAGs    # Errors  Last Runtime    Last Run
--------------------------------------  -----  ---------  --------  ----------  --------------  -------------------
/opt/airflow/dags/get_exchange_rate.py                           1           0  0.18s           2023-10-22T08:40:24
================================================================================
[2023-10-22 08:41:24,385] {manager.py:809} INFO - 
================================================================================
DAG File Processing Stats

File Path                               PID    Runtime      # DAGs    # Errors  Last Runtime    Last Run
--------------------------------------  -----  ---------  --------  ----------  --------------  -------------------
/opt/airflow/dags/get_exchange_rate.py                           1           0  0.18s           2023-10-22T08:40:54
================================================================================
[2023-10-22 08:41:54,605] {manager.py:809} INFO - 
================================================================================
DAG File Processing Stats

File Path                               PID    Runtime      # DAGs    # Errors  Last Runtime    Last Run
--------------------------------------  -----  ---------  --------  ----------  --------------  -------------------
/opt/airflow/dags/get_exchange_rate.py                           1           0  0.17s           2023-10-22T08:41:24
================================================================================
[2023-10-22 08:42:24,827] {manager.py:809} INFO - 
================================================================================
DAG File Processing Stats

File Path                               PID    Runtime      # DAGs    # Errors  Last Runtime    Last Run
--------------------------------------  -----  ---------  --------  ----------  --------------  -------------------
/opt/airflow/dags/get_exchange_rate.py                           1           0  0.21s           2023-10-22T08:41:54
================================================================================
[2023-10-22 08:42:55,078] {manager.py:809} INFO - 
================================================================================
DAG File Processing Stats

File Path                               PID    Runtime      # DAGs    # Errors  Last Runtime    Last Run
--------------------------------------  -----  ---------  --------  ----------  --------------  -------------------
/opt/airflow/dags/get_exchange_rate.py                           1           0  0.20s           2023-10-22T08:42:25
================================================================================
[2023-10-22 08:43:25,342] {manager.py:809} INFO - 
================================================================================
DAG File Processing Stats

File Path                               PID    Runtime      # DAGs    # Errors  Last Runtime    Last Run
--------------------------------------  -----  ---------  --------  ----------  --------------  -------------------
/opt/airflow/dags/get_exchange_rate.py                           1           0  0.18s           2023-10-22T08:42:55
================================================================================
[2023-10-22 08:43:55,561] {manager.py:809} INFO - 
================================================================================
DAG File Processing Stats

File Path                               PID    Runtime      # DAGs    # Errors  Last Runtime    Last Run
--------------------------------------  -----  ---------  --------  ----------  --------------  -------------------
/opt/airflow/dags/get_exchange_rate.py                           1           0  0.20s           2023-10-22T08:43:25
================================================================================
[2023-10-22 08:44:25,829] {manager.py:809} INFO - 
================================================================================
DAG File Processing Stats

File Path                               PID    Runtime      # DAGs    # Errors  Last Runtime    Last Run
--------------------------------------  -----  ---------  --------  ----------  --------------  -------------------
/opt/airflow/dags/get_exchange_rate.py                           1           0  0.19s           2023-10-22T08:43:55
================================================================================
[2023-10-22 08:44:56,089] {manager.py:809} INFO - 
================================================================================
DAG File Processing Stats

File Path                               PID    Runtime      # DAGs    # Errors  Last Runtime    Last Run
--------------------------------------  -----  ---------  --------  ----------  --------------  -------------------
/opt/airflow/dags/get_exchange_rate.py                           1           0  0.19s           2023-10-22T08:44:26
================================================================================
[2023-10-22 08:45:20,321] {manager.py:690} INFO - Searching for files in /opt/airflow/dags
[2023-10-22 08:45:20,331] {manager.py:693} INFO - There are 1 files in /opt/airflow/dags
[2023-10-22 08:45:26,360] {manager.py:809} INFO - 
================================================================================
DAG File Processing Stats

File Path                               PID    Runtime      # DAGs    # Errors  Last Runtime    Last Run
--------------------------------------  -----  ---------  --------  ----------  --------------  -------------------
/opt/airflow/dags/get_exchange_rate.py                           1           0  0.18s           2023-10-22T08:44:56
================================================================================
[2023-10-22 08:45:56,604] {manager.py:809} INFO - 
================================================================================
DAG File Processing Stats

File Path                               PID    Runtime      # DAGs    # Errors  Last Runtime    Last Run
--------------------------------------  -----  ---------  --------  ----------  --------------  -------------------
/opt/airflow/dags/get_exchange_rate.py                           1           0  0.19s           2023-10-22T08:45:26
================================================================================
[2023-10-22 08:46:26,877] {manager.py:809} INFO - 
================================================================================
DAG File Processing Stats

File Path                               PID    Runtime      # DAGs    # Errors  Last Runtime    Last Run
--------------------------------------  -----  ---------  --------  ----------  --------------  -------------------
/opt/airflow/dags/get_exchange_rate.py                           1           0  0.18s           2023-10-22T08:45:56
================================================================================
[2023-10-22 08:46:57,103] {manager.py:809} INFO - 
================================================================================
DAG File Processing Stats

File Path                               PID    Runtime      # DAGs    # Errors  Last Runtime    Last Run
--------------------------------------  -----  ---------  --------  ----------  --------------  -------------------
/opt/airflow/dags/get_exchange_rate.py                           1           0  0.20s           2023-10-22T08:46:27
================================================================================
[2023-10-22 08:47:27,370] {manager.py:809} INFO - 
================================================================================
DAG File Processing Stats

File Path                               PID    Runtime      # DAGs    # Errors  Last Runtime    Last Run
--------------------------------------  -----  ---------  --------  ----------  --------------  -------------------
/opt/airflow/dags/get_exchange_rate.py                           1           0  0.22s           2023-10-22T08:46:57
================================================================================
[2023-10-22 08:47:57,665] {manager.py:809} INFO - 
================================================================================
DAG File Processing Stats

File Path                               PID    Runtime      # DAGs    # Errors  Last Runtime    Last Run
--------------------------------------  -----  ---------  --------  ----------  --------------  -------------------
/opt/airflow/dags/get_exchange_rate.py                           1           0  0.18s           2023-10-22T08:47:27
================================================================================
[2023-10-22 08:48:27,906] {manager.py:809} INFO - 
================================================================================
DAG File Processing Stats

File Path                               PID    Runtime      # DAGs    # Errors  Last Runtime    Last Run
--------------------------------------  -----  ---------  --------  ----------  --------------  -------------------
/opt/airflow/dags/get_exchange_rate.py                           1           0  0.24s           2023-10-22T08:47:58
================================================================================
[2023-10-22 08:48:58,247] {manager.py:809} INFO - 
================================================================================
DAG File Processing Stats

File Path                               PID    Runtime      # DAGs    # Errors  Last Runtime    Last Run
--------------------------------------  -----  ---------  --------  ----------  --------------  -------------------
/opt/airflow/dags/get_exchange_rate.py                           1           0  0.17s           2023-10-22T08:48:28
================================================================================
[2023-10-22 08:49:28,459] {manager.py:809} INFO - 
================================================================================
DAG File Processing Stats

File Path                               PID    Runtime      # DAGs    # Errors  Last Runtime    Last Run
--------------------------------------  -----  ---------  --------  ----------  --------------  -------------------
/opt/airflow/dags/get_exchange_rate.py                           1           0  0.18s           2023-10-22T08:48:58
================================================================================
[2023-10-22 08:49:58,687] {manager.py:809} INFO - 
================================================================================
DAG File Processing Stats

File Path                               PID    Runtime      # DAGs    # Errors  Last Runtime    Last Run
--------------------------------------  -----  ---------  --------  ----------  --------------  -------------------
/opt/airflow/dags/get_exchange_rate.py                           1           0  0.18s           2023-10-22T08:49:28
================================================================================
[2023-10-22 08:50:20,896] {manager.py:690} INFO - Searching for files in /opt/airflow/dags
[2023-10-22 08:50:20,909] {manager.py:693} INFO - There are 1 files in /opt/airflow/dags
[2023-10-22 08:50:28,958] {manager.py:809} INFO - 
================================================================================
DAG File Processing Stats

File Path                               PID    Runtime      # DAGs    # Errors  Last Runtime    Last Run
--------------------------------------  -----  ---------  --------  ----------  --------------  -------------------
/opt/airflow/dags/get_exchange_rate.py                           1           0  0.18s           2023-10-22T08:49:59
================================================================================
[2023-10-22 08:50:59,152] {manager.py:809} INFO - 
================================================================================
DAG File Processing Stats

File Path                               PID    Runtime      # DAGs    # Errors  Last Runtime    Last Run
--------------------------------------  -----  ---------  --------  ----------  --------------  -------------------
/opt/airflow/dags/get_exchange_rate.py                           1           0  0.22s           2023-10-22T08:50:29
================================================================================
[2023-10-22 08:51:29,446] {manager.py:809} INFO - 
================================================================================
DAG File Processing Stats

File Path                               PID    Runtime      # DAGs    # Errors  Last Runtime    Last Run
--------------------------------------  -----  ---------  --------  ----------  --------------  -------------------
/opt/airflow/dags/get_exchange_rate.py                           1           0  0.19s           2023-10-22T08:50:59
================================================================================
[2023-10-22 08:51:59,694] {manager.py:809} INFO - 
================================================================================
DAG File Processing Stats

File Path                               PID    Runtime      # DAGs    # Errors  Last Runtime    Last Run
--------------------------------------  -----  ---------  --------  ----------  --------------  -------------------
/opt/airflow/dags/get_exchange_rate.py                           1           0  0.19s           2023-10-22T08:51:29
================================================================================
[2023-10-22 08:52:29,927] {manager.py:809} INFO - 
================================================================================
DAG File Processing Stats

File Path                               PID    Runtime      # DAGs    # Errors  Last Runtime    Last Run
--------------------------------------  -----  ---------  --------  ----------  --------------  -------------------
/opt/airflow/dags/get_exchange_rate.py                           1           0  0.18s           2023-10-22T08:52:00
================================================================================
