[2023-10-22 08:11:14,631] {taskinstance.py:1179} INFO - Dependencies all met for <TaskInstance: exchange_rate_to_postgres.get_rate_from_api manual__2023-10-22T08:11:13.670440+00:00 [queued]>
[2023-10-22 08:11:14,645] {taskinstance.py:1179} INFO - Dependencies all met for <TaskInstance: exchange_rate_to_postgres.get_rate_from_api manual__2023-10-22T08:11:13.670440+00:00 [queued]>
[2023-10-22 08:11:14,646] {taskinstance.py:1376} INFO - 
--------------------------------------------------------------------------------
[2023-10-22 08:11:14,647] {taskinstance.py:1377} INFO - Starting attempt 1 of 6
[2023-10-22 08:11:14,649] {taskinstance.py:1378} INFO - 
--------------------------------------------------------------------------------
[2023-10-22 08:11:14,675] {taskinstance.py:1397} INFO - Executing <Task(PythonOperator): get_rate_from_api> on 2023-10-22 08:11:13.670440+00:00
[2023-10-22 08:11:14,685] {standard_task_runner.py:52} INFO - Started process 1087 to run task
[2023-10-22 08:11:14,690] {standard_task_runner.py:79} INFO - Running: ['***', 'tasks', 'run', 'exchange_rate_to_postgres', 'get_rate_from_api', 'manual__2023-10-22T08:11:13.670440+00:00', '--job-id', '22', '--raw', '--subdir', 'DAGS_FOLDER/get_exchange_rate.py', '--cfg-path', '/tmp/tmpyrqo5b6p', '--error-file', '/tmp/tmp8ys9f36q']
[2023-10-22 08:11:14,692] {standard_task_runner.py:80} INFO - Job 22: Subtask get_rate_from_api
[2023-10-22 08:11:14,795] {task_command.py:371} INFO - Running <TaskInstance: exchange_rate_to_postgres.get_rate_from_api manual__2023-10-22T08:11:13.670440+00:00 [running]> on host 1e02f9893e6c
[2023-10-22 08:11:14,921] {taskinstance.py:1591} INFO - Exporting the following env vars:
AIRFLOW_CTX_DAG_OWNER=andrey
AIRFLOW_CTX_DAG_ID=exchange_rate_to_postgres
AIRFLOW_CTX_TASK_ID=get_rate_from_api
AIRFLOW_CTX_EXECUTION_DATE=2023-10-22T08:11:13.670440+00:00
AIRFLOW_CTX_TRY_NUMBER=1
AIRFLOW_CTX_DAG_RUN_ID=manual__2023-10-22T08:11:13.670440+00:00
[2023-10-22 08:11:15,802] {logging_mixin.py:115} INFO - ##### Обменный курс BTC к  RUB получен ####
[2023-10-22 08:11:15,803] {logging_mixin.py:115} INFO - ######### datetime_rate:  1697962262
[2023-10-22 08:11:15,804] {logging_mixin.py:115} INFO - ########## value_rate:  2849180.592886
[2023-10-22 08:11:15,805] {python.py:173} INFO - Done. Returned value was: None
[2023-10-22 08:11:15,822] {taskinstance.py:1420} INFO - Marking task as SUCCESS. dag_id=exchange_rate_to_postgres, task_id=get_rate_from_api, execution_date=20231022T081113, start_date=20231022T081114, end_date=20231022T081115
[2023-10-22 08:11:15,877] {local_task_job.py:156} INFO - Task exited with return code 0
[2023-10-22 08:11:15,942] {local_task_job.py:273} INFO - 1 downstream tasks scheduled from follow-on schedule check
