[2023-10-22 08:18:14,801] {taskinstance.py:1179} INFO - Dependencies all met for <TaskInstance: exchange_rate_to_postgres.calculate_metrics manual__2023-10-22T08:18:08.534504+00:00 [queued]>
[2023-10-22 08:18:14,820] {taskinstance.py:1179} INFO - Dependencies all met for <TaskInstance: exchange_rate_to_postgres.calculate_metrics manual__2023-10-22T08:18:08.534504+00:00 [queued]>
[2023-10-22 08:18:14,822] {taskinstance.py:1376} INFO - 
--------------------------------------------------------------------------------
[2023-10-22 08:18:14,823] {taskinstance.py:1377} INFO - Starting attempt 1 of 6
[2023-10-22 08:18:14,824] {taskinstance.py:1378} INFO - 
--------------------------------------------------------------------------------
[2023-10-22 08:18:14,843] {taskinstance.py:1397} INFO - Executing <Task(PythonOperator): calculate_metrics> on 2023-10-22 08:18:08.534504+00:00
[2023-10-22 08:18:14,851] {standard_task_runner.py:52} INFO - Started process 1435 to run task
[2023-10-22 08:18:14,855] {standard_task_runner.py:79} INFO - Running: ['***', 'tasks', 'run', 'exchange_rate_to_postgres', 'calculate_metrics', 'manual__2023-10-22T08:18:08.534504+00:00', '--job-id', '39', '--raw', '--subdir', 'DAGS_FOLDER/get_exchange_rate.py', '--cfg-path', '/tmp/tmp0x58834i', '--error-file', '/tmp/tmp7mxsmlp3']
[2023-10-22 08:18:14,856] {standard_task_runner.py:80} INFO - Job 39: Subtask calculate_metrics
[2023-10-22 08:18:14,956] {task_command.py:371} INFO - Running <TaskInstance: exchange_rate_to_postgres.calculate_metrics manual__2023-10-22T08:18:08.534504+00:00 [running]> on host 1e02f9893e6c
[2023-10-22 08:18:15,085] {taskinstance.py:1591} INFO - Exporting the following env vars:
AIRFLOW_CTX_DAG_OWNER=andrey
AIRFLOW_CTX_DAG_ID=exchange_rate_to_postgres
AIRFLOW_CTX_TASK_ID=calculate_metrics
AIRFLOW_CTX_EXECUTION_DATE=2023-10-22T08:18:08.534504+00:00
AIRFLOW_CTX_TRY_NUMBER=1
AIRFLOW_CTX_DAG_RUN_ID=manual__2023-10-22T08:18:08.534504+00:00
[2023-10-22 08:18:15,102] {base.py:68} INFO - Using connection ID 'conn_exchange_rate' for task execution.
[2023-10-22 08:18:15,118] {logging_mixin.py:115} INFO - ####### Статистические метрики обменного курса обновлены
[2023-10-22 08:18:15,119] {python.py:173} INFO - Done. Returned value was: None
[2023-10-22 08:18:15,138] {taskinstance.py:1420} INFO - Marking task as SUCCESS. dag_id=exchange_rate_to_***, task_id=calculate_metrics, execution_date=20231022T081808, start_date=20231022T081814, end_date=20231022T081815
[2023-10-22 08:18:15,190] {local_task_job.py:156} INFO - Task exited with return code 0
[2023-10-22 08:18:15,245] {local_task_job.py:273} INFO - 1 downstream tasks scheduled from follow-on schedule check
