[2023-10-22 08:09:59,387] {taskinstance.py:1179} INFO - Dependencies all met for <TaskInstance: exchange_rate_to_postgres.get_rate_from_api scheduled__2023-10-22T07:50:00+00:00 [queued]>
[2023-10-22 08:09:59,404] {taskinstance.py:1179} INFO - Dependencies all met for <TaskInstance: exchange_rate_to_postgres.get_rate_from_api scheduled__2023-10-22T07:50:00+00:00 [queued]>
[2023-10-22 08:09:59,405] {taskinstance.py:1376} INFO - 
--------------------------------------------------------------------------------
[2023-10-22 08:09:59,406] {taskinstance.py:1377} INFO - Starting attempt 1 of 6
[2023-10-22 08:09:59,407] {taskinstance.py:1378} INFO - 
--------------------------------------------------------------------------------
[2023-10-22 08:09:59,475] {taskinstance.py:1397} INFO - Executing <Task(PythonOperator): get_rate_from_api> on 2023-10-22 07:50:00+00:00
[2023-10-22 08:09:59,488] {standard_task_runner.py:52} INFO - Started process 997 to run task
[2023-10-22 08:09:59,497] {standard_task_runner.py:79} INFO - Running: ['***', 'tasks', 'run', 'exchange_rate_to_postgres', 'get_rate_from_api', 'scheduled__2023-10-22T07:50:00+00:00', '--job-id', '4', '--raw', '--subdir', 'DAGS_FOLDER/get_exchange_rate.py', '--cfg-path', '/tmp/tmpypt40yxz', '--error-file', '/tmp/tmpdo_nse2v']
[2023-10-22 08:09:59,499] {standard_task_runner.py:80} INFO - Job 4: Subtask get_rate_from_api
[2023-10-22 08:09:59,790] {task_command.py:371} INFO - Running <TaskInstance: exchange_rate_to_postgres.get_rate_from_api scheduled__2023-10-22T07:50:00+00:00 [running]> on host 1e02f9893e6c
[2023-10-22 08:09:59,940] {taskinstance.py:1591} INFO - Exporting the following env vars:
AIRFLOW_CTX_DAG_OWNER=andrey
AIRFLOW_CTX_DAG_ID=exchange_rate_to_postgres
AIRFLOW_CTX_TASK_ID=get_rate_from_api
AIRFLOW_CTX_EXECUTION_DATE=2023-10-22T07:50:00+00:00
AIRFLOW_CTX_TRY_NUMBER=1
AIRFLOW_CTX_DAG_RUN_ID=scheduled__2023-10-22T07:50:00+00:00
[2023-10-22 08:10:00,926] {logging_mixin.py:115} INFO - ##### Обменный курс BTC к  RUB получен ####
[2023-10-22 08:10:00,928] {logging_mixin.py:115} INFO - ######### datetime_rate:  1697962143
[2023-10-22 08:10:00,930] {logging_mixin.py:115} INFO - ########## value_rate:  2848707.006314
[2023-10-22 08:10:00,931] {python.py:173} INFO - Done. Returned value was: None
[2023-10-22 08:10:00,969] {taskinstance.py:1420} INFO - Marking task as SUCCESS. dag_id=exchange_rate_to_postgres, task_id=get_rate_from_api, execution_date=20231022T075000, start_date=20231022T080959, end_date=20231022T081000
[2023-10-22 08:10:01,031] {local_task_job.py:156} INFO - Task exited with return code 0
[2023-10-22 08:10:01,167] {local_task_job.py:273} INFO - 1 downstream tasks scheduled from follow-on schedule check
