[2023-10-22 08:40:00,703] {taskinstance.py:1179} INFO - Dependencies all met for <TaskInstance: exchange_rate_to_postgres.get_rate_from_api scheduled__2023-10-22T08:30:00+00:00 [queued]>
[2023-10-22 08:40:00,716] {taskinstance.py:1179} INFO - Dependencies all met for <TaskInstance: exchange_rate_to_postgres.get_rate_from_api scheduled__2023-10-22T08:30:00+00:00 [queued]>
[2023-10-22 08:40:00,717] {taskinstance.py:1376} INFO - 
--------------------------------------------------------------------------------
[2023-10-22 08:40:00,718] {taskinstance.py:1377} INFO - Starting attempt 1 of 6
[2023-10-22 08:40:00,719] {taskinstance.py:1378} INFO - 
--------------------------------------------------------------------------------
[2023-10-22 08:40:00,746] {taskinstance.py:1397} INFO - Executing <Task(PythonOperator): get_rate_from_api> on 2023-10-22 08:30:00+00:00
[2023-10-22 08:40:00,753] {standard_task_runner.py:52} INFO - Started process 515 to run task
[2023-10-22 08:40:00,763] {standard_task_runner.py:79} INFO - Running: ['***', 'tasks', 'run', 'exchange_rate_to_postgres', 'get_rate_from_api', 'scheduled__2023-10-22T08:30:00+00:00', '--job-id', '58', '--raw', '--subdir', 'DAGS_FOLDER/get_exchange_rate.py', '--cfg-path', '/tmp/tmpmn2gbrll', '--error-file', '/tmp/tmpeyh55lj3']
[2023-10-22 08:40:00,764] {standard_task_runner.py:80} INFO - Job 58: Subtask get_rate_from_api
[2023-10-22 08:40:00,887] {task_command.py:371} INFO - Running <TaskInstance: exchange_rate_to_postgres.get_rate_from_api scheduled__2023-10-22T08:30:00+00:00 [running]> on host 31fbd5974cf0
[2023-10-22 08:40:01,045] {taskinstance.py:1591} INFO - Exporting the following env vars:
AIRFLOW_CTX_DAG_OWNER=andrey
AIRFLOW_CTX_DAG_ID=exchange_rate_to_postgres
AIRFLOW_CTX_TASK_ID=get_rate_from_api
AIRFLOW_CTX_EXECUTION_DATE=2023-10-22T08:30:00+00:00
AIRFLOW_CTX_TRY_NUMBER=1
AIRFLOW_CTX_DAG_RUN_ID=scheduled__2023-10-22T08:30:00+00:00
[2023-10-22 08:40:02,145] {logging_mixin.py:115} INFO - ##### Обменный курс BTC к  RUB получен ####
[2023-10-22 08:40:02,146] {logging_mixin.py:115} INFO - ######### datetime_rate:  1697963943
[2023-10-22 08:40:02,147] {logging_mixin.py:115} INFO - ########## value_rate:  2848107.320254
[2023-10-22 08:40:02,148] {python.py:173} INFO - Done. Returned value was: None
[2023-10-22 08:40:02,165] {taskinstance.py:1420} INFO - Marking task as SUCCESS. dag_id=exchange_rate_to_postgres, task_id=get_rate_from_api, execution_date=20231022T083000, start_date=20231022T084000, end_date=20231022T084002
[2023-10-22 08:40:02,216] {local_task_job.py:156} INFO - Task exited with return code 0
[2023-10-22 08:40:02,274] {local_task_job.py:273} INFO - 1 downstream tasks scheduled from follow-on schedule check
