[2023-10-22 08:50:01,133] {taskinstance.py:1179} INFO - Dependencies all met for <TaskInstance: exchange_rate_to_postgres.get_rate_from_api scheduled__2023-10-22T08:40:00+00:00 [queued]>
[2023-10-22 08:50:01,146] {taskinstance.py:1179} INFO - Dependencies all met for <TaskInstance: exchange_rate_to_postgres.get_rate_from_api scheduled__2023-10-22T08:40:00+00:00 [queued]>
[2023-10-22 08:50:01,147] {taskinstance.py:1376} INFO - 
--------------------------------------------------------------------------------
[2023-10-22 08:50:01,148] {taskinstance.py:1377} INFO - Starting attempt 1 of 6
[2023-10-22 08:50:01,149] {taskinstance.py:1378} INFO - 
--------------------------------------------------------------------------------
[2023-10-22 08:50:01,169] {taskinstance.py:1397} INFO - Executing <Task(PythonOperator): get_rate_from_api> on 2023-10-22 08:40:00+00:00
[2023-10-22 08:50:01,177] {standard_task_runner.py:52} INFO - Started process 991 to run task
[2023-10-22 08:50:01,184] {standard_task_runner.py:79} INFO - Running: ['***', 'tasks', 'run', 'exchange_rate_to_postgres', 'get_rate_from_api', 'scheduled__2023-10-22T08:40:00+00:00', '--job-id', '63', '--raw', '--subdir', 'DAGS_FOLDER/get_exchange_rate.py', '--cfg-path', '/tmp/tmpp23jwh4l', '--error-file', '/tmp/tmpy4r40mms']
[2023-10-22 08:50:01,186] {standard_task_runner.py:80} INFO - Job 63: Subtask get_rate_from_api
[2023-10-22 08:50:01,282] {task_command.py:371} INFO - Running <TaskInstance: exchange_rate_to_postgres.get_rate_from_api scheduled__2023-10-22T08:40:00+00:00 [running]> on host 31fbd5974cf0
[2023-10-22 08:50:01,384] {taskinstance.py:1591} INFO - Exporting the following env vars:
AIRFLOW_CTX_DAG_OWNER=andrey
AIRFLOW_CTX_DAG_ID=exchange_rate_to_postgres
AIRFLOW_CTX_TASK_ID=get_rate_from_api
AIRFLOW_CTX_EXECUTION_DATE=2023-10-22T08:40:00+00:00
AIRFLOW_CTX_TRY_NUMBER=1
AIRFLOW_CTX_DAG_RUN_ID=scheduled__2023-10-22T08:40:00+00:00
[2023-10-22 08:50:02,566] {logging_mixin.py:115} INFO - ##### Обменный курс BTC к  RUB получен ####
[2023-10-22 08:50:02,567] {logging_mixin.py:115} INFO - ######### datetime_rate:  1697964543
[2023-10-22 08:50:02,568] {logging_mixin.py:115} INFO - ########## value_rate:  2849817.475956
[2023-10-22 08:50:02,569] {python.py:173} INFO - Done. Returned value was: None
[2023-10-22 08:50:02,586] {taskinstance.py:1420} INFO - Marking task as SUCCESS. dag_id=exchange_rate_to_postgres, task_id=get_rate_from_api, execution_date=20231022T084000, start_date=20231022T085001, end_date=20231022T085002
[2023-10-22 08:50:02,622] {local_task_job.py:156} INFO - Task exited with return code 0
[2023-10-22 08:50:02,678] {local_task_job.py:273} INFO - 0 downstream tasks scheduled from follow-on schedule check
