[2023-10-22 08:40:05,320] {taskinstance.py:1179} INFO - Dependencies all met for <TaskInstance: exchange_rate_to_postgres.calculate_metrics scheduled__2023-10-22T08:30:00+00:00 [queued]>
[2023-10-22 08:40:05,339] {taskinstance.py:1179} INFO - Dependencies all met for <TaskInstance: exchange_rate_to_postgres.calculate_metrics scheduled__2023-10-22T08:30:00+00:00 [queued]>
[2023-10-22 08:40:05,341] {taskinstance.py:1376} INFO - 
--------------------------------------------------------------------------------
[2023-10-22 08:40:05,342] {taskinstance.py:1377} INFO - Starting attempt 1 of 6
[2023-10-22 08:40:05,343] {taskinstance.py:1378} INFO - 
--------------------------------------------------------------------------------
[2023-10-22 08:40:05,361] {taskinstance.py:1397} INFO - Executing <Task(PythonOperator): calculate_metrics> on 2023-10-22 08:30:00+00:00
[2023-10-22 08:40:05,368] {standard_task_runner.py:52} INFO - Started process 530 to run task
[2023-10-22 08:40:05,372] {standard_task_runner.py:79} INFO - Running: ['***', 'tasks', 'run', 'exchange_rate_to_postgres', 'calculate_metrics', 'scheduled__2023-10-22T08:30:00+00:00', '--job-id', '61', '--raw', '--subdir', 'DAGS_FOLDER/get_exchange_rate.py', '--cfg-path', '/tmp/tmp2ze_jy03', '--error-file', '/tmp/tmplacq9n1p']
[2023-10-22 08:40:05,373] {standard_task_runner.py:80} INFO - Job 61: Subtask calculate_metrics
[2023-10-22 08:40:05,467] {task_command.py:371} INFO - Running <TaskInstance: exchange_rate_to_postgres.calculate_metrics scheduled__2023-10-22T08:30:00+00:00 [running]> on host 31fbd5974cf0
[2023-10-22 08:40:05,565] {taskinstance.py:1591} INFO - Exporting the following env vars:
AIRFLOW_CTX_DAG_OWNER=andrey
AIRFLOW_CTX_DAG_ID=exchange_rate_to_postgres
AIRFLOW_CTX_TASK_ID=calculate_metrics
AIRFLOW_CTX_EXECUTION_DATE=2023-10-22T08:30:00+00:00
AIRFLOW_CTX_TRY_NUMBER=1
AIRFLOW_CTX_DAG_RUN_ID=scheduled__2023-10-22T08:30:00+00:00
[2023-10-22 08:40:05,580] {base.py:68} INFO - Using connection ID 'conn_exchange_rate' for task execution.
[2023-10-22 08:40:05,595] {logging_mixin.py:115} INFO - ####### Статистические метрики обменного курса обновлены
[2023-10-22 08:40:05,596] {python.py:173} INFO - Done. Returned value was: None
[2023-10-22 08:40:05,614] {taskinstance.py:1420} INFO - Marking task as SUCCESS. dag_id=exchange_rate_to_***, task_id=calculate_metrics, execution_date=20231022T083000, start_date=20231022T084005, end_date=20231022T084005
[2023-10-22 08:40:05,666] {local_task_job.py:156} INFO - Task exited with return code 0
[2023-10-22 08:40:05,717] {local_task_job.py:273} INFO - 1 downstream tasks scheduled from follow-on schedule check
