[2023-10-22 08:50:04,209] {taskinstance.py:1179} INFO - Dependencies all met for <TaskInstance: exchange_rate_to_postgres.wait_for_new_records scheduled__2023-10-22T08:40:00+00:00 [queued]>
[2023-10-22 08:50:04,222] {taskinstance.py:1179} INFO - Dependencies all met for <TaskInstance: exchange_rate_to_postgres.wait_for_new_records scheduled__2023-10-22T08:40:00+00:00 [queued]>
[2023-10-22 08:50:04,223] {taskinstance.py:1376} INFO - 
--------------------------------------------------------------------------------
[2023-10-22 08:50:04,224] {taskinstance.py:1377} INFO - Starting attempt 1 of 6
[2023-10-22 08:50:04,225] {taskinstance.py:1378} INFO - 
--------------------------------------------------------------------------------
[2023-10-22 08:50:04,244] {taskinstance.py:1397} INFO - Executing <Task(SqlSensor): wait_for_new_records> on 2023-10-22 08:40:00+00:00
[2023-10-22 08:50:04,251] {standard_task_runner.py:52} INFO - Started process 995 to run task
[2023-10-22 08:50:04,258] {standard_task_runner.py:79} INFO - Running: ['***', 'tasks', 'run', 'exchange_rate_to_postgres', 'wait_for_new_records', 'scheduled__2023-10-22T08:40:00+00:00', '--job-id', '65', '--raw', '--subdir', 'DAGS_FOLDER/get_exchange_rate.py', '--cfg-path', '/tmp/tmpvlcepp2k', '--error-file', '/tmp/tmpy_k_9tho']
[2023-10-22 08:50:04,259] {standard_task_runner.py:80} INFO - Job 65: Subtask wait_for_new_records
[2023-10-22 08:50:04,359] {task_command.py:371} INFO - Running <TaskInstance: exchange_rate_to_postgres.wait_for_new_records scheduled__2023-10-22T08:40:00+00:00 [running]> on host 31fbd5974cf0
[2023-10-22 08:50:04,474] {taskinstance.py:1591} INFO - Exporting the following env vars:
AIRFLOW_CTX_DAG_OWNER=andrey
AIRFLOW_CTX_DAG_ID=exchange_rate_to_postgres
AIRFLOW_CTX_TASK_ID=wait_for_new_records
AIRFLOW_CTX_EXECUTION_DATE=2023-10-22T08:40:00+00:00
AIRFLOW_CTX_TRY_NUMBER=1
AIRFLOW_CTX_DAG_RUN_ID=scheduled__2023-10-22T08:40:00+00:00
[2023-10-22 08:50:04,487] {base.py:68} INFO - Using connection ID 'conn_exchange_rate' for task execution.
[2023-10-22 08:50:04,567] {sql.py:92} INFO - Poking: SELECT COUNT(*) FROM history_rate WHERE date_rate > 
                       '1970-01-01 00:00:00' (with parameters None)
[2023-10-22 08:50:04,579] {base.py:68} INFO - Using connection ID 'conn_exchange_rate' for task execution.
[2023-10-22 08:50:04,594] {base.py:301} INFO - Success criteria met. Exiting.
[2023-10-22 08:50:04,613] {taskinstance.py:1420} INFO - Marking task as SUCCESS. dag_id=exchange_rate_to_***, task_id=wait_for_new_records, execution_date=20231022T084000, start_date=20231022T085004, end_date=20231022T085004
[2023-10-22 08:50:04,674] {local_task_job.py:156} INFO - Task exited with return code 0
[2023-10-22 08:50:04,739] {local_task_job.py:273} INFO - 1 downstream tasks scheduled from follow-on schedule check
