[2023-10-22 08:16:16,317] {taskinstance.py:1179} INFO - Dependencies all met for <TaskInstance: exchange_rate_to_postgres.calculate_metrics manual__2023-10-22T08:16:10.551935+00:00 [queued]>
[2023-10-22 08:16:16,335] {taskinstance.py:1179} INFO - Dependencies all met for <TaskInstance: exchange_rate_to_postgres.calculate_metrics manual__2023-10-22T08:16:10.551935+00:00 [queued]>
[2023-10-22 08:16:16,336] {taskinstance.py:1376} INFO - 
--------------------------------------------------------------------------------
[2023-10-22 08:16:16,336] {taskinstance.py:1377} INFO - Starting attempt 1 of 6
[2023-10-22 08:16:16,337] {taskinstance.py:1378} INFO - 
--------------------------------------------------------------------------------
[2023-10-22 08:16:16,357] {taskinstance.py:1397} INFO - Executing <Task(PythonOperator): calculate_metrics> on 2023-10-22 08:16:10.551935+00:00
[2023-10-22 08:16:16,363] {standard_task_runner.py:52} INFO - Started process 1337 to run task
[2023-10-22 08:16:16,368] {standard_task_runner.py:79} INFO - Running: ['***', 'tasks', 'run', 'exchange_rate_to_postgres', 'calculate_metrics', 'manual__2023-10-22T08:16:10.551935+00:00', '--job-id', '34', '--raw', '--subdir', 'DAGS_FOLDER/get_exchange_rate.py', '--cfg-path', '/tmp/tmpsu93epoj', '--error-file', '/tmp/tmp37b9a3c8']
[2023-10-22 08:16:16,371] {standard_task_runner.py:80} INFO - Job 34: Subtask calculate_metrics
[2023-10-22 08:16:16,478] {task_command.py:371} INFO - Running <TaskInstance: exchange_rate_to_postgres.calculate_metrics manual__2023-10-22T08:16:10.551935+00:00 [running]> on host 1e02f9893e6c
[2023-10-22 08:16:16,578] {taskinstance.py:1591} INFO - Exporting the following env vars:
AIRFLOW_CTX_DAG_OWNER=andrey
AIRFLOW_CTX_DAG_ID=exchange_rate_to_postgres
AIRFLOW_CTX_TASK_ID=calculate_metrics
AIRFLOW_CTX_EXECUTION_DATE=2023-10-22T08:16:10.551935+00:00
AIRFLOW_CTX_TRY_NUMBER=1
AIRFLOW_CTX_DAG_RUN_ID=manual__2023-10-22T08:16:10.551935+00:00
[2023-10-22 08:16:16,595] {base.py:68} INFO - Using connection ID 'conn_exchange_rate' for task execution.
[2023-10-22 08:16:16,612] {logging_mixin.py:115} INFO - ####### Статистические метрики обменного курса обновлены
[2023-10-22 08:16:16,614] {python.py:173} INFO - Done. Returned value was: None
[2023-10-22 08:16:16,635] {taskinstance.py:1420} INFO - Marking task as SUCCESS. dag_id=exchange_rate_to_***, task_id=calculate_metrics, execution_date=20231022T081610, start_date=20231022T081616, end_date=20231022T081616
[2023-10-22 08:16:16,703] {local_task_job.py:156} INFO - Task exited with return code 0
[2023-10-22 08:16:16,758] {local_task_job.py:273} INFO - 1 downstream tasks scheduled from follow-on schedule check
