[2023-10-22 08:18:13,622] {taskinstance.py:1179} INFO - Dependencies all met for <TaskInstance: exchange_rate_to_postgres.wait_for_new_records manual__2023-10-22T08:18:08.534504+00:00 [queued]>
[2023-10-22 08:18:13,640] {taskinstance.py:1179} INFO - Dependencies all met for <TaskInstance: exchange_rate_to_postgres.wait_for_new_records manual__2023-10-22T08:18:08.534504+00:00 [queued]>
[2023-10-22 08:18:13,641] {taskinstance.py:1376} INFO - 
--------------------------------------------------------------------------------
[2023-10-22 08:18:13,642] {taskinstance.py:1377} INFO - Starting attempt 1 of 6
[2023-10-22 08:18:13,643] {taskinstance.py:1378} INFO - 
--------------------------------------------------------------------------------
[2023-10-22 08:18:13,662] {taskinstance.py:1397} INFO - Executing <Task(SqlSensor): wait_for_new_records> on 2023-10-22 08:18:08.534504+00:00
[2023-10-22 08:18:13,669] {standard_task_runner.py:52} INFO - Started process 1433 to run task
[2023-10-22 08:18:13,674] {standard_task_runner.py:79} INFO - Running: ['***', 'tasks', 'run', 'exchange_rate_to_postgres', 'wait_for_new_records', 'manual__2023-10-22T08:18:08.534504+00:00', '--job-id', '38', '--raw', '--subdir', 'DAGS_FOLDER/get_exchange_rate.py', '--cfg-path', '/tmp/tmpiz14nsv2', '--error-file', '/tmp/tmpgiu9wrnp']
[2023-10-22 08:18:13,675] {standard_task_runner.py:80} INFO - Job 38: Subtask wait_for_new_records
[2023-10-22 08:18:13,775] {task_command.py:371} INFO - Running <TaskInstance: exchange_rate_to_postgres.wait_for_new_records manual__2023-10-22T08:18:08.534504+00:00 [running]> on host 1e02f9893e6c
[2023-10-22 08:18:13,898] {taskinstance.py:1591} INFO - Exporting the following env vars:
AIRFLOW_CTX_DAG_OWNER=andrey
AIRFLOW_CTX_DAG_ID=exchange_rate_to_postgres
AIRFLOW_CTX_TASK_ID=wait_for_new_records
AIRFLOW_CTX_EXECUTION_DATE=2023-10-22T08:18:08.534504+00:00
AIRFLOW_CTX_TRY_NUMBER=1
AIRFLOW_CTX_DAG_RUN_ID=manual__2023-10-22T08:18:08.534504+00:00
[2023-10-22 08:18:13,911] {base.py:68} INFO - Using connection ID 'conn_exchange_rate' for task execution.
[2023-10-22 08:18:13,990] {sql.py:92} INFO - Poking: SELECT COUNT(*) FROM history_rate WHERE date_rate > 
                       '1970-01-01 00:00:00' (with parameters None)
[2023-10-22 08:18:14,001] {base.py:68} INFO - Using connection ID 'conn_exchange_rate' for task execution.
[2023-10-22 08:18:14,015] {base.py:301} INFO - Success criteria met. Exiting.
[2023-10-22 08:18:14,035] {taskinstance.py:1420} INFO - Marking task as SUCCESS. dag_id=exchange_rate_to_***, task_id=wait_for_new_records, execution_date=20231022T081808, start_date=20231022T081813, end_date=20231022T081814
[2023-10-22 08:18:14,089] {local_task_job.py:156} INFO - Task exited with return code 0
[2023-10-22 08:18:14,160] {local_task_job.py:273} INFO - 1 downstream tasks scheduled from follow-on schedule check
