[2023-10-22 08:20:03,955] {taskinstance.py:1179} INFO - Dependencies all met for <TaskInstance: exchange_rate_to_postgres.wait_for_new_records scheduled__2023-10-22T08:10:00+00:00 [queued]>
[2023-10-22 08:20:03,973] {taskinstance.py:1179} INFO - Dependencies all met for <TaskInstance: exchange_rate_to_postgres.wait_for_new_records scheduled__2023-10-22T08:10:00+00:00 [queued]>
[2023-10-22 08:20:03,974] {taskinstance.py:1376} INFO - 
--------------------------------------------------------------------------------
[2023-10-22 08:20:03,976] {taskinstance.py:1377} INFO - Starting attempt 1 of 6
[2023-10-22 08:20:03,978] {taskinstance.py:1378} INFO - 
--------------------------------------------------------------------------------
[2023-10-22 08:20:04,012] {taskinstance.py:1397} INFO - Executing <Task(SqlSensor): wait_for_new_records> on 2023-10-22 08:10:00+00:00
[2023-10-22 08:20:04,026] {standard_task_runner.py:52} INFO - Started process 1525 to run task
[2023-10-22 08:20:04,039] {standard_task_runner.py:79} INFO - Running: ['***', 'tasks', 'run', 'exchange_rate_to_postgres', 'wait_for_new_records', 'scheduled__2023-10-22T08:10:00+00:00', '--job-id', '43', '--raw', '--subdir', 'DAGS_FOLDER/get_exchange_rate.py', '--cfg-path', '/tmp/tmp4mz3uoma', '--error-file', '/tmp/tmp03td08qc']
[2023-10-22 08:20:04,041] {standard_task_runner.py:80} INFO - Job 43: Subtask wait_for_new_records
[2023-10-22 08:20:04,173] {task_command.py:371} INFO - Running <TaskInstance: exchange_rate_to_postgres.wait_for_new_records scheduled__2023-10-22T08:10:00+00:00 [running]> on host 1e02f9893e6c
[2023-10-22 08:20:04,304] {taskinstance.py:1591} INFO - Exporting the following env vars:
AIRFLOW_CTX_DAG_OWNER=andrey
AIRFLOW_CTX_DAG_ID=exchange_rate_to_postgres
AIRFLOW_CTX_TASK_ID=wait_for_new_records
AIRFLOW_CTX_EXECUTION_DATE=2023-10-22T08:10:00+00:00
AIRFLOW_CTX_TRY_NUMBER=1
AIRFLOW_CTX_DAG_RUN_ID=scheduled__2023-10-22T08:10:00+00:00
[2023-10-22 08:20:04,324] {base.py:68} INFO - Using connection ID 'conn_exchange_rate' for task execution.
[2023-10-22 08:20:04,463] {sql.py:92} INFO - Poking: SELECT COUNT(*) FROM history_rate WHERE date_rate > 
                       '1970-01-01 00:00:00' (with parameters None)
[2023-10-22 08:20:04,477] {base.py:68} INFO - Using connection ID 'conn_exchange_rate' for task execution.
[2023-10-22 08:20:04,492] {base.py:301} INFO - Success criteria met. Exiting.
[2023-10-22 08:20:04,513] {taskinstance.py:1420} INFO - Marking task as SUCCESS. dag_id=exchange_rate_to_***, task_id=wait_for_new_records, execution_date=20231022T081000, start_date=20231022T082003, end_date=20231022T082004
[2023-10-22 08:20:04,574] {local_task_job.py:156} INFO - Task exited with return code 0
[2023-10-22 08:20:04,650] {local_task_job.py:273} INFO - 1 downstream tasks scheduled from follow-on schedule check
