[2023-10-22 08:10:00,865] {taskinstance.py:1179} INFO - Dependencies all met for <TaskInstance: exchange_rate_to_postgres.get_rate_from_api scheduled__2023-10-22T08:00:00+00:00 [queued]>
[2023-10-22 08:10:00,899] {taskinstance.py:1179} INFO - Dependencies all met for <TaskInstance: exchange_rate_to_postgres.get_rate_from_api scheduled__2023-10-22T08:00:00+00:00 [queued]>
[2023-10-22 08:10:00,901] {taskinstance.py:1376} INFO - 
--------------------------------------------------------------------------------
[2023-10-22 08:10:00,902] {taskinstance.py:1377} INFO - Starting attempt 1 of 6
[2023-10-22 08:10:00,903] {taskinstance.py:1378} INFO - 
--------------------------------------------------------------------------------
[2023-10-22 08:10:00,953] {taskinstance.py:1397} INFO - Executing <Task(PythonOperator): get_rate_from_api> on 2023-10-22 08:00:00+00:00
[2023-10-22 08:10:00,974] {standard_task_runner.py:52} INFO - Started process 1001 to run task
[2023-10-22 08:10:01,023] {standard_task_runner.py:79} INFO - Running: ['***', 'tasks', 'run', 'exchange_rate_to_postgres', 'get_rate_from_api', 'scheduled__2023-10-22T08:00:00+00:00', '--job-id', '6', '--raw', '--subdir', 'DAGS_FOLDER/get_exchange_rate.py', '--cfg-path', '/tmp/tmpd8dezgci', '--error-file', '/tmp/tmpc7bokzue']
[2023-10-22 08:10:01,025] {standard_task_runner.py:80} INFO - Job 6: Subtask get_rate_from_api
[2023-10-22 08:10:01,152] {task_command.py:371} INFO - Running <TaskInstance: exchange_rate_to_postgres.get_rate_from_api scheduled__2023-10-22T08:00:00+00:00 [running]> on host 1e02f9893e6c
[2023-10-22 08:10:01,349] {taskinstance.py:1591} INFO - Exporting the following env vars:
AIRFLOW_CTX_DAG_OWNER=andrey
AIRFLOW_CTX_DAG_ID=exchange_rate_to_postgres
AIRFLOW_CTX_TASK_ID=get_rate_from_api
AIRFLOW_CTX_EXECUTION_DATE=2023-10-22T08:00:00+00:00
AIRFLOW_CTX_TRY_NUMBER=1
AIRFLOW_CTX_DAG_RUN_ID=scheduled__2023-10-22T08:00:00+00:00
[2023-10-22 08:10:02,155] {logging_mixin.py:115} INFO - ##### Обменный курс BTC к  RUB получен ####
[2023-10-22 08:10:02,157] {logging_mixin.py:115} INFO - ######### datetime_rate:  1697962143
[2023-10-22 08:10:02,158] {logging_mixin.py:115} INFO - ########## value_rate:  2848707.006314
[2023-10-22 08:10:02,159] {python.py:173} INFO - Done. Returned value was: None
[2023-10-22 08:10:02,190] {taskinstance.py:1420} INFO - Marking task as SUCCESS. dag_id=exchange_rate_to_postgres, task_id=get_rate_from_api, execution_date=20231022T080000, start_date=20231022T081000, end_date=20231022T081002
[2023-10-22 08:10:02,273] {local_task_job.py:156} INFO - Task exited with return code 0
[2023-10-22 08:10:02,360] {local_task_job.py:273} INFO - 0 downstream tasks scheduled from follow-on schedule check
