[2023-10-22 08:32:19,293] {taskinstance.py:1179} INFO - Dependencies all met for <TaskInstance: exchange_rate_to_postgres.insert_exchange_rate_in_bd manual__2023-10-22T08:32:16.245320+00:00 [queued]>
[2023-10-22 08:32:19,308] {taskinstance.py:1179} INFO - Dependencies all met for <TaskInstance: exchange_rate_to_postgres.insert_exchange_rate_in_bd manual__2023-10-22T08:32:16.245320+00:00 [queued]>
[2023-10-22 08:32:19,309] {taskinstance.py:1376} INFO - 
--------------------------------------------------------------------------------
[2023-10-22 08:32:19,310] {taskinstance.py:1377} INFO - Starting attempt 1 of 6
[2023-10-22 08:32:19,311] {taskinstance.py:1378} INFO - 
--------------------------------------------------------------------------------
[2023-10-22 08:32:19,328] {taskinstance.py:1397} INFO - Executing <Task(PythonOperator): insert_exchange_rate_in_bd> on 2023-10-22 08:32:16.245320+00:00
[2023-10-22 08:32:19,335] {standard_task_runner.py:52} INFO - Started process 167 to run task
[2023-10-22 08:32:19,341] {standard_task_runner.py:79} INFO - Running: ['***', 'tasks', 'run', 'exchange_rate_to_postgres', 'insert_exchange_rate_in_bd', 'manual__2023-10-22T08:32:16.245320+00:00', '--job-id', '54', '--raw', '--subdir', 'DAGS_FOLDER/get_exchange_rate.py', '--cfg-path', '/tmp/tmp4colkcr0', '--error-file', '/tmp/tmpx8nq4cbu']
[2023-10-22 08:32:19,342] {standard_task_runner.py:80} INFO - Job 54: Subtask insert_exchange_rate_in_bd
[2023-10-22 08:32:19,461] {task_command.py:371} INFO - Running <TaskInstance: exchange_rate_to_postgres.insert_exchange_rate_in_bd manual__2023-10-22T08:32:16.245320+00:00 [running]> on host 31fbd5974cf0
[2023-10-22 08:32:19,563] {taskinstance.py:1591} INFO - Exporting the following env vars:
AIRFLOW_CTX_DAG_OWNER=andrey
AIRFLOW_CTX_DAG_ID=exchange_rate_to_postgres
AIRFLOW_CTX_TASK_ID=insert_exchange_rate_in_bd
AIRFLOW_CTX_EXECUTION_DATE=2023-10-22T08:32:16.245320+00:00
AIRFLOW_CTX_TRY_NUMBER=1
AIRFLOW_CTX_DAG_RUN_ID=manual__2023-10-22T08:32:16.245320+00:00
[2023-10-22 08:32:19,581] {base.py:68} INFO - Using connection ID 'conn_exchange_rate' for task execution.
[2023-10-22 08:32:19,627] {logging_mixin.py:115} INFO - ############# Данные успешно вставлены в базу данных ############
[2023-10-22 08:32:19,628] {python.py:173} INFO - Done. Returned value was: None
[2023-10-22 08:32:19,663] {taskinstance.py:1420} INFO - Marking task as SUCCESS. dag_id=exchange_rate_to_***, task_id=insert_exchange_rate_in_bd, execution_date=20231022T083216, start_date=20231022T083219, end_date=20231022T083219
[2023-10-22 08:32:19,713] {local_task_job.py:156} INFO - Task exited with return code 0
[2023-10-22 08:32:19,774] {local_task_job.py:273} INFO - 1 downstream tasks scheduled from follow-on schedule check
