[2023-10-22 08:16:14,519] {taskinstance.py:1179} INFO - Dependencies all met for <TaskInstance: exchange_rate_to_postgres.wait_for_new_records manual__2023-10-22T08:16:10.551935+00:00 [queued]>
[2023-10-22 08:16:14,537] {taskinstance.py:1179} INFO - Dependencies all met for <TaskInstance: exchange_rate_to_postgres.wait_for_new_records manual__2023-10-22T08:16:10.551935+00:00 [queued]>
[2023-10-22 08:16:14,539] {taskinstance.py:1376} INFO - 
--------------------------------------------------------------------------------
[2023-10-22 08:16:14,540] {taskinstance.py:1377} INFO - Starting attempt 1 of 6
[2023-10-22 08:16:14,541] {taskinstance.py:1378} INFO - 
--------------------------------------------------------------------------------
[2023-10-22 08:16:14,563] {taskinstance.py:1397} INFO - Executing <Task(SqlSensor): wait_for_new_records> on 2023-10-22 08:16:10.551935+00:00
[2023-10-22 08:16:14,570] {standard_task_runner.py:52} INFO - Started process 1335 to run task
[2023-10-22 08:16:14,575] {standard_task_runner.py:79} INFO - Running: ['***', 'tasks', 'run', 'exchange_rate_to_postgres', 'wait_for_new_records', 'manual__2023-10-22T08:16:10.551935+00:00', '--job-id', '33', '--raw', '--subdir', 'DAGS_FOLDER/get_exchange_rate.py', '--cfg-path', '/tmp/tmpbq5rgc9q', '--error-file', '/tmp/tmpznl6ge5s']
[2023-10-22 08:16:14,576] {standard_task_runner.py:80} INFO - Job 33: Subtask wait_for_new_records
[2023-10-22 08:16:14,676] {task_command.py:371} INFO - Running <TaskInstance: exchange_rate_to_postgres.wait_for_new_records manual__2023-10-22T08:16:10.551935+00:00 [running]> on host 1e02f9893e6c
[2023-10-22 08:16:14,804] {taskinstance.py:1591} INFO - Exporting the following env vars:
AIRFLOW_CTX_DAG_OWNER=andrey
AIRFLOW_CTX_DAG_ID=exchange_rate_to_postgres
AIRFLOW_CTX_TASK_ID=wait_for_new_records
AIRFLOW_CTX_EXECUTION_DATE=2023-10-22T08:16:10.551935+00:00
AIRFLOW_CTX_TRY_NUMBER=1
AIRFLOW_CTX_DAG_RUN_ID=manual__2023-10-22T08:16:10.551935+00:00
[2023-10-22 08:16:14,820] {base.py:68} INFO - Using connection ID 'conn_exchange_rate' for task execution.
[2023-10-22 08:16:14,907] {sql.py:92} INFO - Poking: SELECT COUNT(*) FROM history_rate WHERE date_rate > 
                       '1970-01-01 00:00:00' (with parameters None)
[2023-10-22 08:16:14,921] {base.py:68} INFO - Using connection ID 'conn_exchange_rate' for task execution.
[2023-10-22 08:16:14,938] {base.py:301} INFO - Success criteria met. Exiting.
[2023-10-22 08:16:14,957] {taskinstance.py:1420} INFO - Marking task as SUCCESS. dag_id=exchange_rate_to_***, task_id=wait_for_new_records, execution_date=20231022T081610, start_date=20231022T081614, end_date=20231022T081614
[2023-10-22 08:16:15,029] {local_task_job.py:156} INFO - Task exited with return code 0
[2023-10-22 08:16:15,099] {local_task_job.py:273} INFO - 1 downstream tasks scheduled from follow-on schedule check
