[2023-10-22 08:30:30,766] {taskinstance.py:1179} INFO - Dependencies all met for <TaskInstance: exchange_rate_to_postgres.calculate_metrics scheduled__2023-10-22T08:20:00+00:00 [queued]>
[2023-10-22 08:30:30,781] {taskinstance.py:1179} INFO - Dependencies all met for <TaskInstance: exchange_rate_to_postgres.calculate_metrics scheduled__2023-10-22T08:20:00+00:00 [queued]>
[2023-10-22 08:30:30,783] {taskinstance.py:1376} INFO - 
--------------------------------------------------------------------------------
[2023-10-22 08:30:30,784] {taskinstance.py:1377} INFO - Starting attempt 1 of 6
[2023-10-22 08:30:30,784] {taskinstance.py:1378} INFO - 
--------------------------------------------------------------------------------
[2023-10-22 08:30:30,803] {taskinstance.py:1397} INFO - Executing <Task(PythonOperator): calculate_metrics> on 2023-10-22 08:20:00+00:00
[2023-10-22 08:30:30,810] {standard_task_runner.py:52} INFO - Started process 79 to run task
[2023-10-22 08:30:30,816] {standard_task_runner.py:79} INFO - Running: ['***', 'tasks', 'run', 'exchange_rate_to_postgres', 'calculate_metrics', 'scheduled__2023-10-22T08:20:00+00:00', '--job-id', '51', '--raw', '--subdir', 'DAGS_FOLDER/get_exchange_rate.py', '--cfg-path', '/tmp/tmpwl_fx2li', '--error-file', '/tmp/tmp6bv2rv22']
[2023-10-22 08:30:30,817] {standard_task_runner.py:80} INFO - Job 51: Subtask calculate_metrics
[2023-10-22 08:30:30,915] {task_command.py:371} INFO - Running <TaskInstance: exchange_rate_to_postgres.calculate_metrics scheduled__2023-10-22T08:20:00+00:00 [running]> on host 31fbd5974cf0
[2023-10-22 08:30:31,022] {taskinstance.py:1591} INFO - Exporting the following env vars:
AIRFLOW_CTX_DAG_OWNER=andrey
AIRFLOW_CTX_DAG_ID=exchange_rate_to_postgres
AIRFLOW_CTX_TASK_ID=calculate_metrics
AIRFLOW_CTX_EXECUTION_DATE=2023-10-22T08:20:00+00:00
AIRFLOW_CTX_TRY_NUMBER=1
AIRFLOW_CTX_DAG_RUN_ID=scheduled__2023-10-22T08:20:00+00:00
[2023-10-22 08:30:31,039] {base.py:68} INFO - Using connection ID 'conn_exchange_rate' for task execution.
[2023-10-22 08:30:31,059] {logging_mixin.py:115} INFO - ####### Статистические метрики обменного курса обновлены
[2023-10-22 08:30:31,060] {python.py:173} INFO - Done. Returned value was: None
[2023-10-22 08:30:31,079] {taskinstance.py:1420} INFO - Marking task as SUCCESS. dag_id=exchange_rate_to_***, task_id=calculate_metrics, execution_date=20231022T082000, start_date=20231022T083030, end_date=20231022T083031
[2023-10-22 08:30:31,112] {local_task_job.py:156} INFO - Task exited with return code 0
[2023-10-22 08:30:31,162] {local_task_job.py:273} INFO - 1 downstream tasks scheduled from follow-on schedule check
