[2023-10-22 08:40:02,970] {taskinstance.py:1179} INFO - Dependencies all met for <TaskInstance: exchange_rate_to_postgres.insert_exchange_rate_in_bd scheduled__2023-10-22T08:30:00+00:00 [queued]>
[2023-10-22 08:40:02,988] {taskinstance.py:1179} INFO - Dependencies all met for <TaskInstance: exchange_rate_to_postgres.insert_exchange_rate_in_bd scheduled__2023-10-22T08:30:00+00:00 [queued]>
[2023-10-22 08:40:02,988] {taskinstance.py:1376} INFO - 
--------------------------------------------------------------------------------
[2023-10-22 08:40:02,989] {taskinstance.py:1377} INFO - Starting attempt 1 of 6
[2023-10-22 08:40:02,990] {taskinstance.py:1378} INFO - 
--------------------------------------------------------------------------------
[2023-10-22 08:40:03,007] {taskinstance.py:1397} INFO - Executing <Task(PythonOperator): insert_exchange_rate_in_bd> on 2023-10-22 08:30:00+00:00
[2023-10-22 08:40:03,016] {standard_task_runner.py:52} INFO - Started process 524 to run task
[2023-10-22 08:40:03,020] {standard_task_runner.py:79} INFO - Running: ['***', 'tasks', 'run', 'exchange_rate_to_postgres', 'insert_exchange_rate_in_bd', 'scheduled__2023-10-22T08:30:00+00:00', '--job-id', '59', '--raw', '--subdir', 'DAGS_FOLDER/get_exchange_rate.py', '--cfg-path', '/tmp/tmpmyor5op3', '--error-file', '/tmp/tmpz0xzouwo']
[2023-10-22 08:40:03,022] {standard_task_runner.py:80} INFO - Job 59: Subtask insert_exchange_rate_in_bd
[2023-10-22 08:40:03,119] {task_command.py:371} INFO - Running <TaskInstance: exchange_rate_to_postgres.insert_exchange_rate_in_bd scheduled__2023-10-22T08:30:00+00:00 [running]> on host 31fbd5974cf0
[2023-10-22 08:40:03,223] {taskinstance.py:1591} INFO - Exporting the following env vars:
AIRFLOW_CTX_DAG_OWNER=andrey
AIRFLOW_CTX_DAG_ID=exchange_rate_to_postgres
AIRFLOW_CTX_TASK_ID=insert_exchange_rate_in_bd
AIRFLOW_CTX_EXECUTION_DATE=2023-10-22T08:30:00+00:00
AIRFLOW_CTX_TRY_NUMBER=1
AIRFLOW_CTX_DAG_RUN_ID=scheduled__2023-10-22T08:30:00+00:00
[2023-10-22 08:40:03,242] {base.py:68} INFO - Using connection ID 'conn_exchange_rate' for task execution.
[2023-10-22 08:40:03,285] {logging_mixin.py:115} INFO - ############# Данные успешно вставлены в базу данных ############
[2023-10-22 08:40:03,286] {python.py:173} INFO - Done. Returned value was: None
[2023-10-22 08:40:03,307] {taskinstance.py:1420} INFO - Marking task as SUCCESS. dag_id=exchange_rate_to_***, task_id=insert_exchange_rate_in_bd, execution_date=20231022T083000, start_date=20231022T084002, end_date=20231022T084003
[2023-10-22 08:40:03,354] {local_task_job.py:156} INFO - Task exited with return code 0
[2023-10-22 08:40:03,412] {local_task_job.py:273} INFO - 1 downstream tasks scheduled from follow-on schedule check
