[2023-10-22 08:18:09,960] {taskinstance.py:1179} INFO - Dependencies all met for <TaskInstance: exchange_rate_to_postgres.count_rows_in_db manual__2023-10-22T08:18:08.534504+00:00 [queued]>
[2023-10-22 08:18:09,977] {taskinstance.py:1179} INFO - Dependencies all met for <TaskInstance: exchange_rate_to_postgres.count_rows_in_db manual__2023-10-22T08:18:08.534504+00:00 [queued]>
[2023-10-22 08:18:09,978] {taskinstance.py:1376} INFO - 
--------------------------------------------------------------------------------
[2023-10-22 08:18:09,979] {taskinstance.py:1377} INFO - Starting attempt 1 of 6
[2023-10-22 08:18:09,981] {taskinstance.py:1378} INFO - 
--------------------------------------------------------------------------------
[2023-10-22 08:18:10,008] {taskinstance.py:1397} INFO - Executing <Task(PythonOperator): count_rows_in_db> on 2023-10-22 08:18:08.534504+00:00
[2023-10-22 08:18:10,020] {standard_task_runner.py:52} INFO - Started process 1428 to run task
[2023-10-22 08:18:10,027] {standard_task_runner.py:79} INFO - Running: ['***', 'tasks', 'run', 'exchange_rate_to_postgres', 'count_rows_in_db', 'manual__2023-10-22T08:18:08.534504+00:00', '--job-id', '35', '--raw', '--subdir', 'DAGS_FOLDER/get_exchange_rate.py', '--cfg-path', '/tmp/tmpi1ttbi9i', '--error-file', '/tmp/tmp0ighc3o3']
[2023-10-22 08:18:10,028] {standard_task_runner.py:80} INFO - Job 35: Subtask count_rows_in_db
[2023-10-22 08:18:10,144] {task_command.py:371} INFO - Running <TaskInstance: exchange_rate_to_postgres.count_rows_in_db manual__2023-10-22T08:18:08.534504+00:00 [running]> on host 1e02f9893e6c
[2023-10-22 08:18:10,255] {taskinstance.py:1591} INFO - Exporting the following env vars:
AIRFLOW_CTX_DAG_OWNER=andrey
AIRFLOW_CTX_DAG_ID=exchange_rate_to_postgres
AIRFLOW_CTX_TASK_ID=count_rows_in_db
AIRFLOW_CTX_EXECUTION_DATE=2023-10-22T08:18:08.534504+00:00
AIRFLOW_CTX_TRY_NUMBER=1
AIRFLOW_CTX_DAG_RUN_ID=manual__2023-10-22T08:18:08.534504+00:00
[2023-10-22 08:18:10,280] {base.py:68} INFO - Using connection ID 'conn_exchange_rate' for task execution.
[2023-10-22 08:18:10,320] {logging_mixin.py:115} INFO - ###### Количество строк в таблице с обменным курсом BTC к RUB:  4
[2023-10-22 08:18:10,321] {python.py:173} INFO - Done. Returned value was: None
[2023-10-22 08:18:10,342] {taskinstance.py:1420} INFO - Marking task as SUCCESS. dag_id=exchange_rate_to_***, task_id=count_rows_in_db, execution_date=20231022T081808, start_date=20231022T081809, end_date=20231022T081810
[2023-10-22 08:18:10,401] {local_task_job.py:156} INFO - Task exited with return code 0
[2023-10-22 08:18:10,448] {local_task_job.py:273} INFO - 0 downstream tasks scheduled from follow-on schedule check
