[2023-10-22 08:30:24,409] {taskinstance.py:1179} INFO - Dependencies all met for <TaskInstance: exchange_rate_to_postgres.get_rate_from_api scheduled__2023-10-22T08:20:00+00:00 [queued]>
[2023-10-22 08:30:24,426] {taskinstance.py:1179} INFO - Dependencies all met for <TaskInstance: exchange_rate_to_postgres.get_rate_from_api scheduled__2023-10-22T08:20:00+00:00 [queued]>
[2023-10-22 08:30:24,427] {taskinstance.py:1376} INFO - 
--------------------------------------------------------------------------------
[2023-10-22 08:30:24,428] {taskinstance.py:1377} INFO - Starting attempt 1 of 6
[2023-10-22 08:30:24,429] {taskinstance.py:1378} INFO - 
--------------------------------------------------------------------------------
[2023-10-22 08:30:24,450] {taskinstance.py:1397} INFO - Executing <Task(PythonOperator): get_rate_from_api> on 2023-10-22 08:20:00+00:00
[2023-10-22 08:30:24,456] {standard_task_runner.py:52} INFO - Started process 62 to run task
[2023-10-22 08:30:24,473] {standard_task_runner.py:79} INFO - Running: ['***', 'tasks', 'run', 'exchange_rate_to_postgres', 'get_rate_from_api', 'scheduled__2023-10-22T08:20:00+00:00', '--job-id', '47', '--raw', '--subdir', 'DAGS_FOLDER/get_exchange_rate.py', '--cfg-path', '/tmp/tmpos4ier25', '--error-file', '/tmp/tmpluuwcz0a']
[2023-10-22 08:30:24,477] {standard_task_runner.py:80} INFO - Job 47: Subtask get_rate_from_api
[2023-10-22 08:30:24,627] {task_command.py:371} INFO - Running <TaskInstance: exchange_rate_to_postgres.get_rate_from_api scheduled__2023-10-22T08:20:00+00:00 [running]> on host 31fbd5974cf0
[2023-10-22 08:30:24,784] {taskinstance.py:1591} INFO - Exporting the following env vars:
AIRFLOW_CTX_DAG_OWNER=andrey
AIRFLOW_CTX_DAG_ID=exchange_rate_to_postgres
AIRFLOW_CTX_TASK_ID=get_rate_from_api
AIRFLOW_CTX_EXECUTION_DATE=2023-10-22T08:20:00+00:00
AIRFLOW_CTX_TRY_NUMBER=1
AIRFLOW_CTX_DAG_RUN_ID=scheduled__2023-10-22T08:20:00+00:00
[2023-10-22 08:30:26,656] {logging_mixin.py:115} INFO - ##### Обменный курс BTC к  RUB получен ####
[2023-10-22 08:30:26,657] {logging_mixin.py:115} INFO - ######### datetime_rate:  1697963403
[2023-10-22 08:30:26,658] {logging_mixin.py:115} INFO - ########## value_rate:  2844794.266435
[2023-10-22 08:30:26,660] {python.py:173} INFO - Done. Returned value was: None
[2023-10-22 08:30:26,686] {taskinstance.py:1420} INFO - Marking task as SUCCESS. dag_id=exchange_rate_to_postgres, task_id=get_rate_from_api, execution_date=20231022T082000, start_date=20231022T083024, end_date=20231022T083026
[2023-10-22 08:30:26,737] {local_task_job.py:156} INFO - Task exited with return code 0
[2023-10-22 08:30:26,823] {local_task_job.py:273} INFO - 1 downstream tasks scheduled from follow-on schedule check
