[2023-10-22 08:32:16,939] {taskinstance.py:1179} INFO - Dependencies all met for <TaskInstance: exchange_rate_to_postgres.count_rows_in_db manual__2023-10-22T08:32:16.245320+00:00 [queued]>
[2023-10-22 08:32:16,959] {taskinstance.py:1179} INFO - Dependencies all met for <TaskInstance: exchange_rate_to_postgres.count_rows_in_db manual__2023-10-22T08:32:16.245320+00:00 [queued]>
[2023-10-22 08:32:16,960] {taskinstance.py:1376} INFO - 
--------------------------------------------------------------------------------
[2023-10-22 08:32:16,962] {taskinstance.py:1377} INFO - Starting attempt 1 of 6
[2023-10-22 08:32:16,962] {taskinstance.py:1378} INFO - 
--------------------------------------------------------------------------------
[2023-10-22 08:32:16,990] {taskinstance.py:1397} INFO - Executing <Task(PythonOperator): count_rows_in_db> on 2023-10-22 08:32:16.245320+00:00
[2023-10-22 08:32:16,996] {standard_task_runner.py:52} INFO - Started process 155 to run task
[2023-10-22 08:32:17,003] {standard_task_runner.py:79} INFO - Running: ['***', 'tasks', 'run', 'exchange_rate_to_postgres', 'count_rows_in_db', 'manual__2023-10-22T08:32:16.245320+00:00', '--job-id', '52', '--raw', '--subdir', 'DAGS_FOLDER/get_exchange_rate.py', '--cfg-path', '/tmp/tmpgeedtayj', '--error-file', '/tmp/tmplixv1y2p']
[2023-10-22 08:32:17,005] {standard_task_runner.py:80} INFO - Job 52: Subtask count_rows_in_db
[2023-10-22 08:32:17,126] {task_command.py:371} INFO - Running <TaskInstance: exchange_rate_to_postgres.count_rows_in_db manual__2023-10-22T08:32:16.245320+00:00 [running]> on host 31fbd5974cf0
[2023-10-22 08:32:17,251] {taskinstance.py:1591} INFO - Exporting the following env vars:
AIRFLOW_CTX_DAG_OWNER=andrey
AIRFLOW_CTX_DAG_ID=exchange_rate_to_postgres
AIRFLOW_CTX_TASK_ID=count_rows_in_db
AIRFLOW_CTX_EXECUTION_DATE=2023-10-22T08:32:16.245320+00:00
AIRFLOW_CTX_TRY_NUMBER=1
AIRFLOW_CTX_DAG_RUN_ID=manual__2023-10-22T08:32:16.245320+00:00
[2023-10-22 08:32:17,270] {base.py:68} INFO - Using connection ID 'conn_exchange_rate' for task execution.
[2023-10-22 08:32:17,308] {logging_mixin.py:115} INFO - ###### Количество строк в таблице с обменным курсом BTC к RUB:  1
[2023-10-22 08:32:17,309] {python.py:173} INFO - Done. Returned value was: None
[2023-10-22 08:32:17,331] {taskinstance.py:1420} INFO - Marking task as SUCCESS. dag_id=exchange_rate_to_***, task_id=count_rows_in_db, execution_date=20231022T083216, start_date=20231022T083216, end_date=20231022T083217
[2023-10-22 08:32:17,379] {local_task_job.py:156} INFO - Task exited with return code 0
[2023-10-22 08:32:17,424] {local_task_job.py:273} INFO - 0 downstream tasks scheduled from follow-on schedule check
